#
# There is insufficient memory for the Java Runtime Environment to continue.
# Native memory allocation (malloc) failed to allocate 2072656 bytes for Chunk::new
# Possible reasons:
#   The system is out of physical RAM or swap space
#   The process is running with CompressedOops enabled, and the Java Heap may be blocking the growth of the native heap
# Possible solutions:
#   Reduce memory load on the system
#   Increase physical memory or swap space
#   Check if swap backing store is full
#   Decrease Java heap size (-Xmx/-Xms)
#   Decrease number of Java threads
#   Decrease Java thread stack sizes (-Xss)
#   Set larger code cache with -XX:ReservedCodeCacheSize=
#   JVM is running with Unscaled Compressed Oops mode in which the Java heap is
#     placed in the first 4GB address space. The Java Heap base address is the
#     maximum limit for the native heap growth. Please use -XX:HeapBaseMinAddress
#     to set the Java Heap base and to place the Java Heap above 4GB virtual address.
# This output file may be truncated or incomplete.
#
#  Out of Memory Error (allocation.cpp:389), pid=8096, tid=0x0000000000000af0
#
# JRE version: Java(TM) SE Runtime Environment (8.0_241-b07) (build 1.8.0_241-b07)
# Java VM: Java HotSpot(TM) 64-Bit Server VM (25.241-b07 mixed mode windows-amd64 compressed oops)
# Failed to write core dump. Minidumps are not enabled by default on client versions of Windows
#

---------------  T H R E A D  ---------------

Current thread (0x0000000017149000):  JavaThread "C2 CompilerThread1" daemon [_thread_in_native, id=2800, stack(0x0000000018c60000,0x0000000018d60000)]

Stack: [0x0000000018c60000,0x0000000018d60000]
[error occurred during error reporting (printing stack bounds), id 0xc0000005]

Native frames: (J=compiled Java code, j=interpreted, Vv=VM code, C=native code)


Current CompileTask:
C2:   3577 2147   !   4       java.net.URLClassLoader$1::run (63 bytes)


---------------  P R O C E S S  ---------------

Java Threads: ( => current thread )
  0x0000000019807000 JavaThread "restartedMain" [_thread_in_Java, id=9936, stack(0x0000000019ac0000,0x0000000019bc0000)]
  0x0000000019657800 JavaThread "Thread-0" [_thread_blocked, id=7868, stack(0x00000000199c0000,0x0000000019ac0000)]
  0x000000001714d800 JavaThread "Service Thread" daemon [_thread_blocked, id=9416, stack(0x0000000018e60000,0x0000000018f60000)]
  0x000000001714b800 JavaThread "C1 CompilerThread2" daemon [_thread_blocked, id=9852, stack(0x0000000018d60000,0x0000000018e60000)]
=>0x0000000017149000 JavaThread "C2 CompilerThread1" daemon [_thread_in_native, id=2800, stack(0x0000000018c60000,0x0000000018d60000)]
  0x00000000170f5800 JavaThread "C2 CompilerThread0" daemon [_thread_in_native, id=10912, stack(0x0000000018760000,0x0000000018860000)]
  0x00000000170f2000 JavaThread "Attach Listener" daemon [_thread_blocked, id=7000, stack(0x0000000018660000,0x0000000018760000)]
  0x00000000170f1000 JavaThread "Signal Dispatcher" daemon [_thread_blocked, id=10848, stack(0x0000000018560000,0x0000000018660000)]
  0x00000000170da000 JavaThread "Finalizer" daemon [_thread_blocked, id=1844, stack(0x0000000018350000,0x0000000018450000)]
  0x00000000025c3800 JavaThread "Reference Handler" daemon [_thread_blocked, id=9552, stack(0x0000000018250000,0x0000000018350000)]
  0x00000000024d4800 JavaThread "main" [_thread_blocked, id=7840, stack(0x0000000002310000,0x0000000002410000)]

Other Threads:
  0x00000000170b8000 VMThread [stack: 0x0000000018150000,0x0000000018250000] [id=11512]
  0x000000001887d000 WatcherThread [stack: 0x00000000190c0000,0x00000000191c0000] [id=12028]

VM state:not at safepoint (normal execution)

VM Mutex/Monitor currently owned by a thread: None

heap address: 0x0000000081e00000, size: 2018 MB, Compressed Oops mode: 32-bit
Narrow klass base: 0x0000000000000000, Narrow klass shift: 3
Compressed class space size: 1073741824 Address: 0x0000000100000000

Heap:
 PSYoungGen      total 71680K, used 54616K [0x00000000d5f80000, 0x00000000daa80000, 0x0000000100000000)
  eden space 66560K, 82% used [0x00000000d5f80000,0x00000000d94d62d8,0x00000000da080000)
  from space 5120K, 0% used [0x00000000da080000,0x00000000da080000,0x00000000da580000)
  to   space 5120K, 0% used [0x00000000da580000,0x00000000da580000,0x00000000daa80000)
 ParOldGen       total 59392K, used 6590K [0x0000000081e00000, 0x0000000085800000, 0x00000000d5f80000)
  object space 59392K, 11% used [0x0000000081e00000,0x000000008246f9f8,0x0000000085800000)
 Metaspace       used 24685K, capacity 25508K, committed 25728K, reserved 1071104K
  class space    used 3184K, capacity 3391K, committed 3456K, reserved 1048576K

Card table byte_map: [0x0000000011990000,0x0000000011d90000] byte_map_base: 0x0000000011581000

Marking Bits: (ParMarkBitMap*) 0x000000005c6abe30
 Begin Bits: [0x0000000012440000, 0x00000000143c8000)
 End Bits:   [0x00000000143c8000, 0x0000000016350000)

Polling page: 0x0000000000980000

CodeCache: size=245760Kb used=8106Kb max_used=8106Kb free=237653Kb
 bounds [0x00000000025d0000, 0x0000000002dc0000, 0x00000000115d0000]
 total_blobs=2669 nmethods=2281 adapters=300
 compilation: enabled

Compilation events (10 events):
Event: 3.537 Thread 0x000000001714b800 2282       3       org.springframework.boot.autoconfigure.condition.ConditionMessage::<init> (7 bytes)
Event: 3.537 Thread 0x000000001714b800 nmethod 2282 0x0000000002dbbc10 code [0x0000000002dbbd80, 0x0000000002dbbf08]
Event: 3.539 Thread 0x000000001714b800 2286       3       java.util.LinkedList::get (14 bytes)
Event: 3.539 Thread 0x000000001714b800 nmethod 2286 0x0000000002dbbfd0 code [0x0000000002dbc180, 0x0000000002dbc5a8]
Event: 3.539 Thread 0x000000001714b800 2287       3       java.util.LinkedList::checkElementIndex (22 bytes)
Event: 3.540 Thread 0x000000001714b800 nmethod 2287 0x0000000002dbc790 code [0x0000000002dbc9a0, 0x0000000002dbd578]
Event: 3.540 Thread 0x000000001714b800 2288       3       java.util.LinkedList::isElementIndex (18 bytes)
Event: 3.540 Thread 0x000000001714b800 nmethod 2288 0x0000000002dbdb50 code [0x0000000002dbdca0, 0x0000000002dbde90]
Event: 3.575 Thread 0x000000001714b800 2289       3       org.springframework.util.ReflectionUtils$$Lambda$182/1973178211::doWith (11 bytes)
Event: 3.575 Thread 0x000000001714b800 nmethod 2289 0x0000000002dbdf10 code [0x0000000002dbe080, 0x0000000002dbe2a8]

GC Heap History (10 events):
Event: 0.892 GC heap before
{Heap before GC invocations=2 (full 0):
 PSYoungGen      total 38400K, used 37452K [0x00000000d5f80000, 0x00000000d8a00000, 0x0000000100000000)
  eden space 33280K, 100% used [0x00000000d5f80000,0x00000000d8000000,0x00000000d8000000)
  from space 5120K, 81% used [0x00000000d8000000,0x00000000d8413050,0x00000000d8500000)
  to   space 5120K, 0% used [0x00000000d8500000,0x00000000d8500000,0x00000000d8a00000)
 ParOldGen       total 87552K, used 16K [0x0000000081e00000, 0x0000000087380000, 0x00000000d5f80000)
  object space 87552K, 0% used [0x0000000081e00000,0x0000000081e04000,0x0000000087380000)
 Metaspace       used 9506K, capacity 9766K, committed 9984K, reserved 1058816K
  class space    used 1110K, capacity 1190K, committed 1280K, reserved 1048576K
Event: 0.897 GC heap after
Heap after GC invocations=2 (full 0):
 PSYoungGen      total 38400K, used 3840K [0x00000000d5f80000, 0x00000000daa80000, 0x0000000100000000)
  eden space 33280K, 0% used [0x00000000d5f80000,0x00000000d5f80000,0x00000000d8000000)
  from space 5120K, 75% used [0x00000000d8500000,0x00000000d88c0218,0x00000000d8a00000)
  to   space 5120K, 0% used [0x00000000d8000000,0x00000000d8000000,0x00000000d8500000)
 ParOldGen       total 87552K, used 24K [0x0000000081e00000, 0x0000000087380000, 0x00000000d5f80000)
  object space 87552K, 0% used [0x0000000081e00000,0x0000000081e06000,0x0000000087380000)
 Metaspace       used 9506K, capacity 9766K, committed 9984K, reserved 1058816K
  class space    used 1110K, capacity 1190K, committed 1280K, reserved 1048576K
}
Event: 1.137 GC heap before
{Heap before GC invocations=3 (full 0):
 PSYoungGen      total 38400K, used 37120K [0x00000000d5f80000, 0x00000000daa80000, 0x0000000100000000)
  eden space 33280K, 100% used [0x00000000d5f80000,0x00000000d8000000,0x00000000d8000000)
  from space 5120K, 75% used [0x00000000d8500000,0x00000000d88c0218,0x00000000d8a00000)
  to   space 5120K, 0% used [0x00000000d8000000,0x00000000d8000000,0x00000000d8500000)
 ParOldGen       total 87552K, used 24K [0x0000000081e00000, 0x0000000087380000, 0x00000000d5f80000)
  object space 87552K, 0% used [0x0000000081e00000,0x0000000081e06000,0x0000000087380000)
 Metaspace       used 13532K, capacity 13960K, committed 14080K, reserved 1060864K
  class space    used 1785K, capacity 1935K, committed 2048K, reserved 1048576K
Event: 1.141 GC heap after
Heap after GC invocations=3 (full 0):
 PSYoungGen      total 38400K, used 5098K [0x00000000d5f80000, 0x00000000daa80000, 0x0000000100000000)
  eden space 33280K, 0% used [0x00000000d5f80000,0x00000000d5f80000,0x00000000d8000000)
  from space 5120K, 99% used [0x00000000d8000000,0x00000000d84fa9e0,0x00000000d8500000)
  to   space 5120K, 0% used [0x00000000da580000,0x00000000da580000,0x00000000daa80000)
 ParOldGen       total 87552K, used 1095K [0x0000000081e00000, 0x0000000087380000, 0x00000000d5f80000)
  object space 87552K, 1% used [0x0000000081e00000,0x0000000081f11c90,0x0000000087380000)
 Metaspace       used 13532K, capacity 13960K, committed 14080K, reserved 1060864K
  class space    used 1785K, capacity 1935K, committed 2048K, reserved 1048576K
}
Event: 1.458 GC heap before
{Heap before GC invocations=4 (full 0):
 PSYoungGen      total 38400K, used 38378K [0x00000000d5f80000, 0x00000000daa80000, 0x0000000100000000)
  eden space 33280K, 100% used [0x00000000d5f80000,0x00000000d8000000,0x00000000d8000000)
  from space 5120K, 99% used [0x00000000d8000000,0x00000000d84fa9e0,0x00000000d8500000)
  to   space 5120K, 0% used [0x00000000da580000,0x00000000da580000,0x00000000daa80000)
 ParOldGen       total 87552K, used 1095K [0x0000000081e00000, 0x0000000087380000, 0x00000000d5f80000)
  object space 87552K, 1% used [0x0000000081e00000,0x0000000081f11c90,0x0000000087380000)
 Metaspace       used 18790K, capacity 19330K, committed 19584K, reserved 1067008K
  class space    used 2425K, capacity 2566K, committed 2688K, reserved 1048576K
Event: 1.465 GC heap after
Heap after GC invocations=4 (full 0):
 PSYoungGen      total 71680K, used 5099K [0x00000000d5f80000, 0x00000000daa80000, 0x0000000100000000)
  eden space 66560K, 0% used [0x00000000d5f80000,0x00000000d5f80000,0x00000000da080000)
  from space 5120K, 99% used [0x00000000da580000,0x00000000daa7af80,0x00000000daa80000)
  to   space 5120K, 0% used [0x00000000da080000,0x00000000da080000,0x00000000da580000)
 ParOldGen       total 87552K, used 4509K [0x0000000081e00000, 0x0000000087380000, 0x00000000d5f80000)
  object space 87552K, 5% used [0x0000000081e00000,0x0000000082267698,0x0000000087380000)
 Metaspace       used 18790K, capacity 19330K, committed 19584K, reserved 1067008K
  class space    used 2425K, capacity 2566K, committed 2688K, reserved 1048576K
}
Event: 1.902 GC heap before
{Heap before GC invocations=5 (full 0):
 PSYoungGen      total 71680K, used 54619K [0x00000000d5f80000, 0x00000000daa80000, 0x0000000100000000)
  eden space 66560K, 74% used [0x00000000d5f80000,0x00000000d8fdbde0,0x00000000da080000)
  from space 5120K, 99% used [0x00000000da580000,0x00000000daa7af80,0x00000000daa80000)
  to   space 5120K, 0% used [0x00000000da080000,0x00000000da080000,0x00000000da580000)
 ParOldGen       total 87552K, used 4509K [0x0000000081e00000, 0x0000000087380000, 0x00000000d5f80000)
  object space 87552K, 5% used [0x0000000081e00000,0x0000000082267698,0x0000000087380000)
 Metaspace       used 20602K, capacity 21178K, committed 21296K, reserved 1067008K
  class space    used 2680K, capacity 2860K, committed 2944K, reserved 1048576K
Event: 1.909 GC heap after
Heap after GC invocations=5 (full 0):
 PSYoungGen      total 71680K, used 5092K [0x00000000d5f80000, 0x00000000daa80000, 0x0000000100000000)
  eden space 66560K, 0% used [0x00000000d5f80000,0x00000000d5f80000,0x00000000da080000)
  from space 5120K, 99% used [0x00000000da080000,0x00000000da5791c0,0x00000000da580000)
  to   space 5120K, 0% used [0x00000000da580000,0x00000000da580000,0x00000000daa80000)
 ParOldGen       total 87552K, used 6159K [0x0000000081e00000, 0x0000000087380000, 0x00000000d5f80000)
  object space 87552K, 7% used [0x0000000081e00000,0x0000000082403e10,0x0000000087380000)
 Metaspace       used 20602K, capacity 21178K, committed 21296K, reserved 1067008K
  class space    used 2680K, capacity 2860K, committed 2944K, reserved 1048576K
}
Event: 1.909 GC heap before
{Heap before GC invocations=6 (full 1):
 PSYoungGen      total 71680K, used 5092K [0x00000000d5f80000, 0x00000000daa80000, 0x0000000100000000)
  eden space 66560K, 0% used [0x00000000d5f80000,0x00000000d5f80000,0x00000000da080000)
  from space 5120K, 99% used [0x00000000da080000,0x00000000da5791c0,0x00000000da580000)
  to   space 5120K, 0% used [0x00000000da580000,0x00000000da580000,0x00000000daa80000)
 ParOldGen       total 87552K, used 6159K [0x0000000081e00000, 0x0000000087380000, 0x00000000d5f80000)
  object space 87552K, 7% used [0x0000000081e00000,0x0000000082403e10,0x0000000087380000)
 Metaspace       used 20602K, capacity 21178K, committed 21296K, reserved 1067008K
  class space    used 2680K, capacity 2860K, committed 2944K, reserved 1048576K
Event: 1.937 GC heap after
Heap after GC invocations=6 (full 1):
 PSYoungGen      total 71680K, used 0K [0x00000000d5f80000, 0x00000000daa80000, 0x0000000100000000)
  eden space 66560K, 0% used [0x00000000d5f80000,0x00000000d5f80000,0x00000000da080000)
  from space 5120K, 0% used [0x00000000da080000,0x00000000da080000,0x00000000da580000)
  to   space 5120K, 0% used [0x00000000da580000,0x00000000da580000,0x00000000daa80000)
 ParOldGen       total 59392K, used 6590K [0x0000000081e00000, 0x0000000085800000, 0x00000000d5f80000)
  object space 59392K, 11% used [0x0000000081e00000,0x000000008246f9f8,0x0000000085800000)
 Metaspace       used 20600K, capacity 21172K, committed 21296K, reserved 1067008K
  class space    used 2680K, capacity 2859K, committed 2944K, reserved 1048576K
}

Deoptimization events (10 events):
Event: 1.194 Thread 0x0000000019807000 Uncommon trap: reason=unstable_if action=reinterpret pc=0x00000000028c3cfc method=java.io.WinNTFileSystem.normalize(Ljava/lang/String;II)Ljava/lang/String; @ 90
Event: 1.200 Thread 0x0000000019807000 Uncommon trap: reason=unstable_if action=reinterpret pc=0x0000000002741fd8 method=sun.nio.cs.UTF_8$Encoder.encode([CII[B)I @ 33
Event: 1.211 Thread 0x0000000019cc7000 Uncommon trap: reason=unstable_if action=reinterpret pc=0x000000000297bd04 method=java.util.HashMap.putVal(ILjava/lang/Object;Ljava/lang/Object;ZZ)Ljava/lang/Object; @ 181
Event: 1.629 Thread 0x0000000019cc7000 Uncommon trap: reason=unstable_if action=reinterpret pc=0x0000000002aedd68 method=jdk.internal.org.objectweb.asm.Type.getArgumentsAndReturnSizes(Ljava/lang/String;)I @ 47
Event: 2.134 Thread 0x0000000019cc7000 Uncommon trap: reason=unstable_if action=reinterpret pc=0x0000000002b97cdc method=com.sun.org.apache.xerces.internal.impl.XMLEntityScanner.scanLiteral(ILcom/sun/org/apache/xerces/internal/xni/XMLString;Z)I @ 570
Event: 2.139 Thread 0x0000000019cc7000 Uncommon trap: reason=unstable_if action=reinterpret pc=0x0000000002b76e34 method=com.sun.org.apache.xerces.internal.impl.XMLEntityScanner.checkBeforeLoad(Lcom/sun/xml/internal/stream/Entity$ScannedEntity;II)I @ 18
Event: 2.198 Thread 0x0000000019cc7000 Uncommon trap: reason=unstable_if action=reinterpret pc=0x0000000002b94420 method=com.sun.org.apache.xerces.internal.impl.XMLEntityScanner.skipSpaces()Z @ 125
Event: 2.239 Thread 0x0000000019cc7000 Uncommon trap: reason=unstable_if action=reinterpret pc=0x0000000002bce9c0 method=com.sun.org.apache.xerces.internal.util.SymbolTable.addSymbol([CII)Ljava/lang/String; @ 38
Event: 2.626 Thread 0x0000000019807000 Uncommon trap: reason=unstable_if action=reinterpret pc=0x0000000002c4541c method=org.springframework.asm.ClassReader.readUTF8(I[C)Ljava/lang/String; @ 11
Event: 2.846 Thread 0x0000000019807000 Uncommon trap: reason=unstable_if action=reinterpret pc=0x00000000029a3284 method=org.springframework.boot.context.properties.source.ConfigurationPropertyName.equals(Ljava/lang/Object;)Z @ 90

Classes redefined (0 events):
No events

Internal exceptions (10 events):
Event: 1.388 Thread 0x0000000019807000 Exception <a 'java/lang/ClassNotFoundException': org/springframework/core/OrderedCustomizer> (0x00000000d77a9210) thrown at [C:\ade\jenkins\workspace\8-2-build-windows-amd64-cygwin\jdk8u241\331\hotspot\src\share\vm\classfile\systemDictionary.cpp, line 210
Event: 1.389 Thread 0x0000000019807000 Exception <a 'java/lang/ClassNotFoundException': org/springframework/context/ResourceLoaderAwareCustomizer> (0x00000000d77bdb98) thrown at [C:\ade\jenkins\workspace\8-2-build-windows-amd64-cygwin\jdk8u241\331\hotspot\src\share\vm\classfile\systemDictionar
Event: 1.390 Thread 0x0000000019807000 Exception <a 'java/lang/ClassNotFoundException': org/springframework/beans/factory/AwareCustomizer> (0x00000000d77d0d58) thrown at [C:\ade\jenkins\workspace\8-2-build-windows-amd64-cygwin\jdk8u241\331\hotspot\src\share\vm\classfile\systemDictionary.cpp, l
Event: 1.391 Thread 0x0000000019807000 Exception <a 'java/lang/ClassNotFoundException': org/springframework/beans/factory/BeanClassLoaderAwareCustomizer> (0x00000000d77e6568) thrown at [C:\ade\jenkins\workspace\8-2-build-windows-amd64-cygwin\jdk8u241\331\hotspot\src\share\vm\classfile\systemDi
Event: 1.391 Thread 0x0000000019807000 Exception <a 'java/lang/ClassNotFoundException': org/springframework/beans/factory/AwareCustomizer> (0x00000000d77f96d8) thrown at [C:\ade\jenkins\workspace\8-2-build-windows-amd64-cygwin\jdk8u241\331\hotspot\src\share\vm\classfile\systemDictionary.cpp, l
Event: 1.392 Thread 0x0000000019807000 Exception <a 'java/lang/ClassNotFoundException': org/springframework/context/EnvironmentAwareCustomizer> (0x00000000d780c990) thrown at [C:\ade\jenkins\workspace\8-2-build-windows-amd64-cygwin\jdk8u241\331\hotspot\src\share\vm\classfile\systemDictionary.c
Event: 1.393 Thread 0x0000000019807000 Exception <a 'java/lang/ClassNotFoundException': org/springframework/beans/factory/AwareCustomizer> (0x00000000d781f9e0) thrown at [C:\ade\jenkins\workspace\8-2-build-windows-amd64-cygwin\jdk8u241\331\hotspot\src\share\vm\classfile\systemDictionary.cpp, l
Event: 1.426 Thread 0x0000000019807000 Exception <a 'java/lang/NoSuchMethodError': java.lang.Object.lambda$comparing$77a9974f$1(Ljava/util/function/Function;Ljava/lang/Object;Ljava/lang/Object;)I> (0x00000000d7c156b8) thrown at [C:\ade\jenkins\workspace\8-2-build-windows-amd64-cygwin\jdk8u241\
Event: 1.636 Thread 0x0000000019cc7000 Exception <a 'java/lang/IncompatibleClassChangeError': Found class java.lang.Object, but interface was expected> (0x00000000d69aecd8) thrown at [C:\ade\jenkins\workspace\8-2-build-windows-amd64-cygwin\jdk8u241\331\hotspot\src\share\vm\interpreter\linkReso
Event: 2.177 Thread 0x0000000019807000 Exception <a 'java/lang/IncompatibleClassChangeError': Found class java.lang.Object, but interface was expected> (0x00000000d68cbaa0) thrown at [C:\ade\jenkins\workspace\8-2-build-windows-amd64-cygwin\jdk8u241\331\hotspot\src\share\vm\interpreter\linkReso

Events (10 events):
Event: 3.574 loading class org/springframework/web/servlet/config/annotation/ContentNegotiationConfigurer
Event: 3.574 loading class org/springframework/web/servlet/config/annotation/ContentNegotiationConfigurer done
Event: 3.574 loading class org/springframework/validation/MessageCodesResolver
Event: 3.574 loading class org/springframework/validation/MessageCodesResolver done
Event: 3.574 loading class org/springframework/web/servlet/config/annotation/AsyncSupportConfigurer
Event: 3.574 loading class org/springframework/web/servlet/config/annotation/AsyncSupportConfigurer done
Event: 3.575 loading class org/springframework/web/util/UrlPathHelper
Event: 3.575 loading class org/springframework/web/util/UrlPathHelper done
Event: 3.576 loading class org/springframework/web/servlet/mvc/HttpRequestHandlerAdapter
Event: 3.576 loading class org/springframework/web/servlet/mvc/HttpRequestHandlerAdapter done


Dynamic libraries:
0x00007ff7b19d0000 - 0x00007ff7b1a07000 	C:\Program Files\Java\jre1.8.0_241\bin\javaw.exe
0x00007ff8ad1c0000 - 0x00007ff8ad3b0000 	C:\Windows\SYSTEM32\ntdll.dll
0x00007ff8ac750000 - 0x00007ff8ac802000 	C:\Windows\System32\KERNEL32.DLL
0x00007ff8aa530000 - 0x00007ff8aa7d4000 	C:\Windows\System32\KERNELBASE.dll
0x00007ff8ac1c0000 - 0x00007ff8ac263000 	C:\Windows\System32\ADVAPI32.dll
0x00007ff8ab340000 - 0x00007ff8ab3de000 	C:\Windows\System32\msvcrt.dll
0x00007ff8acd70000 - 0x00007ff8ace07000 	C:\Windows\System32\sechost.dll
0x00007ff8ad060000 - 0x00007ff8ad180000 	C:\Windows\System32\RPCRT4.dll
0x00007ff8acec0000 - 0x00007ff8ad054000 	C:\Windows\System32\USER32.dll
0x00007ff8aa350000 - 0x00007ff8aa371000 	C:\Windows\System32\win32u.dll
0x00007ff8acbe0000 - 0x00007ff8acc06000 	C:\Windows\System32\GDI32.dll
0x00007ff8aa150000 - 0x00007ff8aa2e5000 	C:\Windows\System32\gdi32full.dll
0x00007ff8aa930000 - 0x00007ff8aa9ce000 	C:\Windows\System32\msvcp_win.dll
0x00007ff8aa430000 - 0x00007ff8aa52a000 	C:\Windows\System32\ucrtbase.dll
0x00007ff890500000 - 0x00007ff890784000 	C:\Windows\WinSxS\amd64_microsoft.windows.common-controls_6595b64144ccf1df_6.0.18362.900_none_e6beb9d913147d17\COMCTL32.dll
0x00007ff8abb20000 - 0x00007ff8abe55000 	C:\Windows\System32\combase.dll
0x00007ff8aaa50000 - 0x00007ff8aaad0000 	C:\Windows\System32\bcryptPrimitives.dll
0x00007ff8ab3e0000 - 0x00007ff8ab40e000 	C:\Windows\System32\IMM32.DLL
0x000000005c9d0000 - 0x000000005caa2000 	C:\Program Files\Java\jre1.8.0_241\bin\msvcr100.dll
0x000000005be80000 - 0x000000005c72c000 	C:\Program Files\Java\jre1.8.0_241\bin\server\jvm.dll
0x00007ff8ac8e0000 - 0x00007ff8ac8e8000 	C:\Windows\System32\PSAPI.DLL
0x00007ff89c1a0000 - 0x00007ff89c1a9000 	C:\Windows\SYSTEM32\WSOCK32.dll
0x00007ff8ac020000 - 0x00007ff8ac08f000 	C:\Windows\System32\WS2_32.dll
0x00007ff89dbf0000 - 0x00007ff89dc14000 	C:\Windows\SYSTEM32\WINMM.dll
0x00007ff8a2140000 - 0x00007ff8a214a000 	C:\Windows\SYSTEM32\VERSION.dll
0x00007ff89dbc0000 - 0x00007ff89dbed000 	C:\Windows\SYSTEM32\WINMMBASE.dll
0x00007ff8aaa00000 - 0x00007ff8aaa4a000 	C:\Windows\System32\cfgmgr32.dll
0x00007ff89c120000 - 0x00007ff89c12f000 	C:\Program Files\Java\jre1.8.0_241\bin\verify.dll
0x00007ff881a20000 - 0x00007ff881a49000 	C:\Program Files\Java\jre1.8.0_241\bin\java.dll
0x00007ff892d30000 - 0x00007ff892d46000 	C:\Program Files\Java\jre1.8.0_241\bin\zip.dll
0x00007ff8ab410000 - 0x00007ff8abaf6000 	C:\Windows\System32\SHELL32.dll
0x00007ff8ace10000 - 0x00007ff8aceb9000 	C:\Windows\System32\shcore.dll
0x00007ff8aaaf0000 - 0x00007ff8ab270000 	C:\Windows\System32\windows.storage.dll
0x00007ff8aa090000 - 0x00007ff8aa0b3000 	C:\Windows\System32\profapi.dll
0x00007ff8aa0c0000 - 0x00007ff8aa10a000 	C:\Windows\System32\powrprof.dll
0x00007ff8aa080000 - 0x00007ff8aa090000 	C:\Windows\System32\UMPDC.dll
0x00007ff8ac270000 - 0x00007ff8ac2c2000 	C:\Windows\System32\shlwapi.dll
0x00007ff8aa130000 - 0x00007ff8aa141000 	C:\Windows\System32\kernel.appcore.dll
0x00007ff8aaad0000 - 0x00007ff8aaae7000 	C:\Windows\System32\cryptsp.dll
0x00007ff89bf40000 - 0x00007ff89bf4d000 	C:\Program Files\Java\jre1.8.0_241\bin\management.dll
0x00007ff892c80000 - 0x00007ff892c9a000 	C:\Program Files\Java\jre1.8.0_241\bin\net.dll
0x00007ff8a9890000 - 0x00007ff8a98f7000 	C:\Windows\system32\mswsock.dll
0x00007ff87a9b0000 - 0x00007ff87a9c6000 	C:\Windows\system32\napinsp.dll
0x00007ff87a990000 - 0x00007ff87a9aa000 	C:\Windows\system32\pnrpnsp.dll
0x00007ff8a9630000 - 0x00007ff8a96fb000 	C:\Windows\SYSTEM32\DNSAPI.dll
0x00007ff8ac9c0000 - 0x00007ff8ac9c8000 	C:\Windows\System32\NSI.dll
0x00007ff8a95a0000 - 0x00007ff8a95da000 	C:\Windows\SYSTEM32\IPHLPAPI.DLL
0x00007ff890980000 - 0x00007ff89098e000 	C:\Windows\System32\winrnr.dll
0x00007ff8a16c0000 - 0x00007ff8a16dc000 	C:\Windows\system32\NLAapi.dll
0x00007ff8a2720000 - 0x00007ff8a2735000 	C:\Windows\system32\wshbth.dll
0x00007ff89e8f0000 - 0x00007ff89e8fa000 	C:\Windows\System32\rasadhlp.dll
0x00007ff8a1b90000 - 0x00007ff8a1c07000 	C:\Windows\System32\fwpuclnt.dll
0x00007ff8aa9d0000 - 0x00007ff8aa9f6000 	C:\Windows\System32\bcrypt.dll
0x00007ff892480000 - 0x00007ff892492000 	C:\Program Files\Java\jre1.8.0_241\bin\nio.dll

VM Arguments:
jvm_args: -Dfile.encoding=UTF-8 
java_command: com.linenha.agendamento.AgendamentodefotosApplication
java_class_path (initial): C:\Users\Thaysa Magalhães\Desktop\Thaysa\Faculdade\React\agendamento\target\classes;C:\Users\Thaysa Magalhães\Desktop\eclipse\plugins\org.junit_4.13.0.v20200204-1500.jar;C:\Users\Thaysa Magalhães\Desktop\eclipse\plugins\org.hamcrest.core_1.3.0.v20180420-1519.jar;C:\Users\Thaysa Magalhães\Desktop\lombok.jar;C:\Users\Thaysa Magalhães\.m2\repository\org\springframework\boot\spring-boot-starter\2.1.8.RELEASE\spring-boot-starter-2.1.8.RELEASE.jar;C:\Users\Thaysa Magalhães\.m2\repository\org\springframework\boot\spring-boot\2.1.8.RELEASE\spring-boot-2.1.8.RELEASE.jar;C:\Users\Thaysa Magalhães\.m2\repository\org\springframework\spring-context\5.1.9.RELEASE\spring-context-5.1.9.RELEASE.jar;C:\Users\Thaysa Magalhães\.m2\repository\org\springframework\boot\spring-boot-autoconfigure\2.1.8.RELEASE\spring-boot-autoconfigure-2.1.8.RELEASE.jar;C:\Users\Thaysa Magalhães\.m2\repository\org\springframework\boot\spring-boot-starter-logging\2.1.8.RELEASE\spring-boot-starter-logging-2.1.8.RELEASE.jar;C:\Users\Thaysa Magalhães\.m2\repository\ch\qos\logback\logback-classic\1.2.3\logback-classic-1.2.3.jar;C:\Users\Thaysa Magalhães\.m2\repository\ch\qos\logback\logback-core\1.2.3\logback-core-1.2.3.jar;C:\Users\Thaysa Magalhães\.m2\repository\org\apache\logging\log4j\log4j-to-slf4j\2.11.2\log4j-to-slf4j-2.11.2.jar;C:\Users\Thaysa Magalhães\.m2\repository\org\apache\logging\log4j\log4j-api\2.11.2\log4j-api-2.11.2.jar;C:\Users\Thaysa Magalhães\.m2\repository\org\slf4j\jul-to-slf4j\1.7.28\jul-to-slf4j-1.7.28.jar;C:\Users\Thaysa Magalhães\.m2\repository\javax\annotation\javax.annotation-api\1.3.2\javax.annotation-api-1.3.2.jar;C:\Users\Thaysa Magalhães\.m2\repository\org\springframework\spring-core\5.1.9.RELEASE\spring-core-5.1.9.RELEASE.jar;C:\Users\Thaysa Magalhães\.m2\repository\org\springframework\spring-jcl\5.1.9.RELEASE\spring-jcl-5.1.9.RELEASE.jar;C:\Users\Thaysa Magalhães\.m2\repository\org\yaml\snakeyaml\1.23\snakeyaml-1.23.jar;C:\Users\Thaysa Magalhães\.m2
Launcher Type: SUN_STANDARD

Environment Variables:
PATH=C:/Program Files/Java/jre1.8.0_241/bin/server;C:/Program Files/Java/jre1.8.0_241/bin;C:/Program Files/Java/jre1.8.0_241/lib/amd64;C:\Program Files (x86)\Common Files\Oracle\Java\javapath;C:\Windows\system32;C:\Windows;C:\Windows\System32\Wbem;C:\Windows\System32\WindowsPowerShell\v1.0\;C:\Windows\System32\OpenSSH\;C:\Program Files\NVIDIA Corporation\NVIDIA NvDLISR;C:\Program Files\nodejs\;C:\Program Files\Git\cmd;C:\Program Files (x86)\NVIDIA Corporation\PhysX\Common;C:\Users\Thaysa Magalhães\AppData\Local\Programs\Python\Python38-32\Scripts\;C:\Users\Thaysa Magalhães\AppData\Local\Programs\Python\Python38-32\;C:\Users\Thaysa Magalhães\AppData\Local\Programs\Python\Launcher\;C:\Users\Thaysa Magalhães\AppData\Local\Microsoft\WindowsApps;C:\Users\Thaysa Magalhães\AppData\Local\Programs\Microsoft VS Code\bin;C:\Users\Thaysa Magalhães\AppData\Roaming\npm;C:\MinGW\bin;;C:\Users\Thaysa Magalhães\Desktop\eclipse;
USERNAME=Thaysa Magalhães
OS=Windows_NT
PROCESSOR_IDENTIFIER=Intel64 Family 6 Model 142 Stepping 9, GenuineIntel



---------------  S Y S T E M  ---------------

OS: Windows 10.0 , 64 bit Build 18362 (10.0.18362.900)

CPU:total 4 (initial active 4) (2 cores per cpu, 2 threads per core) family 6 model 142 stepping 9, cmov, cx8, fxsr, mmx, sse, sse2, sse3, ssse3, sse4.1, sse4.2, popcnt, avx, avx2, aes, clmul, erms, 3dnowpref, lzcnt, ht, tsc, tscinvbit, bmi1, bmi2, adx

Memory: 4k page, physical 8261220k(1160052k free), swap 10210916k(5616k free)

vm_info: Java HotSpot(TM) 64-Bit Server VM (25.241-b07) for windows-amd64 JRE (1.8.0_241-b07), built on Dec 11 2019 10:21:40 by "rejava" with MS VC++ 10.0 (VS2010)

time: Mon Jun 15 19:04:25 2020
timezone: Hora oficial do Brasil
elapsed time: 3 seconds (0d 0h 0m 3s)

