#
# There is insufficient memory for the Java Runtime Environment to continue.
# Native memory allocation (malloc) failed to allocate 490736 bytes for Chunk::new
# Possible reasons:
#   The system is out of physical RAM or swap space
#   The process is running with CompressedOops enabled, and the Java Heap may be blocking the growth of the native heap
# Possible solutions:
#   Reduce memory load on the system
#   Increase physical memory or swap space
#   Check if swap backing store is full
#   Decrease Java heap size (-Xmx/-Xms)
#   Decrease number of Java threads
#   Decrease Java thread stack sizes (-Xss)
#   Set larger code cache with -XX:ReservedCodeCacheSize=
#   JVM is running with Unscaled Compressed Oops mode in which the Java heap is
#     placed in the first 4GB address space. The Java Heap base address is the
#     maximum limit for the native heap growth. Please use -XX:HeapBaseMinAddress
#     to set the Java Heap base and to place the Java Heap above 4GB virtual address.
# This output file may be truncated or incomplete.
#
#  Out of Memory Error (allocation.cpp:389), pid=5068, tid=0x000000000000282c
#
# JRE version: Java(TM) SE Runtime Environment (8.0_241-b07) (build 1.8.0_241-b07)
# Java VM: Java HotSpot(TM) 64-Bit Server VM (25.241-b07 mixed mode windows-amd64 compressed oops)
# Failed to write core dump. Minidumps are not enabled by default on client versions of Windows
#

---------------  T H R E A D  ---------------

Current thread (0x0000000017e89800):  JavaThread "C2 CompilerThread1" daemon [_thread_in_native, id=10284, stack(0x00000000195a0000,0x00000000196a0000)]

Stack: [0x00000000195a0000,0x00000000196a0000]
[error occurred during error reporting (printing stack bounds), id 0xc0000005]

Native frames: (J=compiled Java code, j=interpreted, Vv=VM code, C=native code)


Current CompileTask:
C2:   8373 3759       4       java.net.URLStreamHandler::parseURL (1193 bytes)


---------------  P R O C E S S  ---------------

Java Threads: ( => current thread )
  0x000000001d14f000 JavaThread "HikariPool-1 connection adder" daemon [_thread_blocked, id=3152, stack(0x0000000021ca0000,0x0000000021da0000)]
  0x000000001d152000 JavaThread "HikariPool-1 housekeeper" daemon [_thread_blocked, id=1856, stack(0x0000000021ba0000,0x0000000021ca0000)]
  0x000000001d14d800 JavaThread "PostgreSQL-JDBC-SharedTimer-1" daemon [_thread_blocked, id=6896, stack(0x00000000218a0000,0x00000000219a0000)]
  0x000000001d150000 JavaThread "container-0" [_thread_blocked, id=10552, stack(0x000000001fd80000,0x000000001fe80000)]
  0x000000001d14e800 JavaThread "Catalina-utility-2" [_thread_blocked, id=8536, stack(0x000000001c710000,0x000000001c810000)]
  0x000000001d14c000 JavaThread "Catalina-utility-1" [_thread_blocked, id=13096, stack(0x000000001a900000,0x000000001aa00000)]
  0x000000001a562000 JavaThread "restartedMain" [_thread_in_Java, id=4052, stack(0x000000001a800000,0x000000001a900000)]
  0x000000001a574800 JavaThread "Thread-0" [_thread_blocked, id=7540, stack(0x000000001a700000,0x000000001a800000)]
  0x0000000017e8d800 JavaThread "Service Thread" daemon [_thread_blocked, id=6968, stack(0x0000000019ba0000,0x0000000019ca0000)]
  0x00000000196a8800 JavaThread "C1 CompilerThread2" daemon [_thread_blocked, id=1656, stack(0x0000000019aa0000,0x0000000019ba0000)]
=>0x0000000017e89800 JavaThread "C2 CompilerThread1" daemon [_thread_in_native, id=10284, stack(0x00000000195a0000,0x00000000196a0000)]
  0x0000000017e35800 JavaThread "C2 CompilerThread0" daemon [_thread_blocked, id=11328, stack(0x00000000194a0000,0x00000000195a0000)]
  0x0000000017e32000 JavaThread "Attach Listener" daemon [_thread_blocked, id=4004, stack(0x00000000193a0000,0x00000000194a0000)]
  0x0000000017e31000 JavaThread "Signal Dispatcher" daemon [_thread_blocked, id=1268, stack(0x00000000192a0000,0x00000000193a0000)]
  0x0000000017e1a000 JavaThread "Finalizer" daemon [_thread_blocked, id=12560, stack(0x0000000019090000,0x0000000019190000)]
  0x0000000003303800 JavaThread "Reference Handler" daemon [_thread_blocked, id=7568, stack(0x0000000018f90000,0x0000000019090000)]
  0x0000000003214800 JavaThread "main" [_thread_blocked, id=4952, stack(0x0000000003020000,0x0000000003120000)]

Other Threads:
  0x0000000017df8000 VMThread [stack: 0x0000000018e90000,0x0000000018f90000] [id=2144]
  0x00000000196c5800 WatcherThread [stack: 0x0000000019e00000,0x0000000019f00000] [id=4360]

VM state:not at safepoint (normal execution)

VM Mutex/Monitor currently owned by a thread: None

heap address: 0x0000000081e00000, size: 2018 MB, Compressed Oops mode: 32-bit
Narrow klass base: 0x0000000000000000, Narrow klass shift: 3
Compressed class space size: 1073741824 Address: 0x0000000100000000

Heap:
 PSYoungGen      total 138240K, used 8282K [0x00000000d5f80000, 0x00000000deb80000, 0x0000000100000000)
  eden space 133120K, 6% used [0x00000000d5f80000,0x00000000d6796850,0x00000000de180000)
  from space 5120K, 0% used [0x00000000de680000,0x00000000de680000,0x00000000deb80000)
  to   space 5120K, 0% used [0x00000000de180000,0x00000000de180000,0x00000000de680000)
 ParOldGen       total 52736K, used 16923K [0x0000000081e00000, 0x0000000085180000, 0x00000000d5f80000)
  object space 52736K, 32% used [0x0000000081e00000,0x0000000082e86c40,0x0000000085180000)
 Metaspace       used 38943K, capacity 40652K, committed 40784K, reserved 1085440K
  class space    used 5102K, capacity 5432K, committed 5500K, reserved 1048576K

Card table byte_map: [0x00000000126d0000,0x0000000012ad0000] byte_map_base: 0x00000000122c1000

Marking Bits: (ParMarkBitMap*) 0x000000005c6abe30
 Begin Bits: [0x0000000013180000, 0x0000000015108000)
 End Bits:   [0x0000000015108000, 0x0000000017090000)

Polling page: 0x0000000001860000

CodeCache: size=245760Kb used=12179Kb max_used=12671Kb free=233580Kb
 bounds [0x0000000003310000, 0x0000000003fa0000, 0x0000000012310000]
 total_blobs=3770 nmethods=3334 adapters=348
 compilation: enabled

Compilation events (10 events):
Event: 8.316 Thread 0x0000000017e89800 3755   !   4       java.lang.ref.ReferenceQueue::remove (125 bytes)
Event: 8.319 Thread 0x0000000017e35800 nmethod 3754 0x0000000003b49cd0 code [0x0000000003b49e40, 0x0000000003b4a488]
Event: 8.319 Thread 0x0000000017e35800 3756       4       java.lang.ref.Finalizer::access$100 (6 bytes)
Event: 8.320 Thread 0x0000000017e89800 nmethod 3755 0x00000000035488d0 code [0x0000000003548a40, 0x00000000035490e8]
Event: 8.323 Thread 0x0000000017e35800 nmethod 3756 0x000000000350f450 code [0x000000000350f5c0, 0x000000000350fb78]
Event: 8.328 Thread 0x0000000017e89800 3759       4       java.net.URLStreamHandler::parseURL (1193 bytes)
Event: 8.342 Thread 0x0000000017e35800 3760       4       java.util.zip.ZipEntry::setExtra0 (360 bytes)
Event: 8.352 Thread 0x0000000017e35800 nmethod 3760 0x0000000003db9810 code [0x0000000003db9a20, 0x0000000003dba268]
Event: 8.360 Thread 0x0000000017e35800 3761       4       java.util.AbstractList$Itr::hasNext (20 bytes)
Event: 8.361 Thread 0x0000000017e35800 nmethod 3761 0x0000000003acf8d0 code [0x0000000003acfa20, 0x0000000003acfad8]

GC Heap History (10 events):
Event: 5.904 GC heap before
{Heap before GC invocations=7 (full 1):
 PSYoungGen      total 138240K, used 133120K [0x00000000d5f80000, 0x00000000deb80000, 0x0000000100000000)
  eden space 133120K, 100% used [0x00000000d5f80000,0x00000000de180000,0x00000000de180000)
  from space 5120K, 0% used [0x00000000de180000,0x00000000de180000,0x00000000de680000)
  to   space 5120K, 0% used [0x00000000de680000,0x00000000de680000,0x00000000deb80000)
 ParOldGen       total 52736K, used 5542K [0x0000000081e00000, 0x0000000085180000, 0x00000000d5f80000)
  object space 52736K, 10% used [0x0000000081e00000,0x0000000082369b68,0x0000000085180000)
 Metaspace       used 28125K, capacity 29260K, committed 29308K, reserved 1075200K
  class space    used 3669K, capacity 3946K, committed 3964K, reserved 1048576K
Event: 5.912 GC heap after
Heap after GC invocations=7 (full 1):
 PSYoungGen      total 138240K, used 5109K [0x00000000d5f80000, 0x00000000deb80000, 0x0000000100000000)
  eden space 133120K, 0% used [0x00000000d5f80000,0x00000000d5f80000,0x00000000de180000)
  from space 5120K, 99% used [0x00000000de680000,0x00000000deb7d6b8,0x00000000deb80000)
  to   space 5120K, 0% used [0x00000000de180000,0x00000000de180000,0x00000000de680000)
 ParOldGen       total 52736K, used 10440K [0x0000000081e00000, 0x0000000085180000, 0x00000000d5f80000)
  object space 52736K, 19% used [0x0000000081e00000,0x00000000828322c8,0x0000000085180000)
 Metaspace       used 28125K, capacity 29260K, committed 29308K, reserved 1075200K
  class space    used 3669K, capacity 3946K, committed 3964K, reserved 1048576K
}
Event: 7.575 GC heap before
{Heap before GC invocations=8 (full 1):
 PSYoungGen      total 138240K, used 136879K [0x00000000d5f80000, 0x00000000deb80000, 0x0000000100000000)
  eden space 133120K, 98% used [0x00000000d5f80000,0x00000000de02e778,0x00000000de180000)
  from space 5120K, 99% used [0x00000000de680000,0x00000000deb7d6b8,0x00000000deb80000)
  to   space 5120K, 0% used [0x00000000de180000,0x00000000de180000,0x00000000de680000)
 ParOldGen       total 52736K, used 10440K [0x0000000081e00000, 0x0000000085180000, 0x00000000d5f80000)
  object space 52736K, 19% used [0x0000000081e00000,0x00000000828322c8,0x0000000085180000)
 Metaspace       used 34303K, capacity 35928K, committed 36048K, reserved 1081344K
  class space    used 4434K, capacity 4780K, committed 4860K, reserved 1048576K
Event: 7.594 GC heap after
Heap after GC invocations=8 (full 1):
 PSYoungGen      total 138240K, used 5105K [0x00000000d5f80000, 0x00000000deb80000, 0x0000000100000000)
  eden space 133120K, 0% used [0x00000000d5f80000,0x00000000d5f80000,0x00000000de180000)
  from space 5120K, 99% used [0x00000000de180000,0x00000000de67c6b8,0x00000000de680000)
  to   space 5120K, 0% used [0x00000000de680000,0x00000000de680000,0x00000000deb80000)
 ParOldGen       total 52736K, used 17764K [0x0000000081e00000, 0x0000000085180000, 0x00000000d5f80000)
  object space 52736K, 33% used [0x0000000081e00000,0x0000000082f59068,0x0000000085180000)
 Metaspace       used 34303K, capacity 35928K, committed 36048K, reserved 1081344K
  class space    used 4434K, capacity 4780K, committed 4860K, reserved 1048576K
}
Event: 7.594 GC heap before
{Heap before GC invocations=9 (full 2):
 PSYoungGen      total 138240K, used 5105K [0x00000000d5f80000, 0x00000000deb80000, 0x0000000100000000)
  eden space 133120K, 0% used [0x00000000d5f80000,0x00000000d5f80000,0x00000000de180000)
  from space 5120K, 99% used [0x00000000de180000,0x00000000de67c6b8,0x00000000de680000)
  to   space 5120K, 0% used [0x00000000de680000,0x00000000de680000,0x00000000deb80000)
 ParOldGen       total 52736K, used 17764K [0x0000000081e00000, 0x0000000085180000, 0x00000000d5f80000)
  object space 52736K, 33% used [0x0000000081e00000,0x0000000082f59068,0x0000000085180000)
 Metaspace       used 34303K, capacity 35928K, committed 36048K, reserved 1081344K
  class space    used 4434K, capacity 4780K, committed 4860K, reserved 1048576K
Event: 7.692 GC heap after
Heap after GC invocations=9 (full 2):
 PSYoungGen      total 138240K, used 0K [0x00000000d5f80000, 0x00000000deb80000, 0x0000000100000000)
  eden space 133120K, 0% used [0x00000000d5f80000,0x00000000d5f80000,0x00000000de180000)
  from space 5120K, 0% used [0x00000000de180000,0x00000000de180000,0x00000000de680000)
  to   space 5120K, 0% used [0x00000000de680000,0x00000000de680000,0x00000000deb80000)
 ParOldGen       total 52736K, used 16763K [0x0000000081e00000, 0x0000000085180000, 0x00000000d5f80000)
  object space 52736K, 31% used [0x0000000081e00000,0x0000000082e5ecb0,0x0000000085180000)
 Metaspace       used 34303K, capacity 35928K, committed 36048K, reserved 1081344K
  class space    used 4434K, capacity 4780K, committed 4860K, reserved 1048576K
}
Event: 8.187 GC heap before
{Heap before GC invocations=10 (full 2):
 PSYoungGen      total 138240K, used 33201K [0x00000000d5f80000, 0x00000000deb80000, 0x0000000100000000)
  eden space 133120K, 24% used [0x00000000d5f80000,0x00000000d7fec4f8,0x00000000de180000)
  from space 5120K, 0% used [0x00000000de180000,0x00000000de180000,0x00000000de680000)
  to   space 5120K, 0% used [0x00000000de680000,0x00000000de680000,0x00000000deb80000)
 ParOldGen       total 52736K, used 16763K [0x0000000081e00000, 0x0000000085180000, 0x00000000d5f80000)
  object space 52736K, 31% used [0x0000000081e00000,0x0000000082e5ecb0,0x0000000085180000)
 Metaspace       used 38341K, capacity 40010K, committed 40144K, reserved 1087488K
  class space    used 4985K, capacity 5303K, committed 5372K, reserved 1048576K
Event: 8.192 GC heap after
Heap after GC invocations=10 (full 2):
 PSYoungGen      total 138240K, used 4012K [0x00000000d5f80000, 0x00000000deb80000, 0x0000000100000000)
  eden space 133120K, 0% used [0x00000000d5f80000,0x00000000d5f80000,0x00000000de180000)
  from space 5120K, 78% used [0x00000000de680000,0x00000000dea6b0b8,0x00000000deb80000)
  to   space 5120K, 0% used [0x00000000de180000,0x00000000de180000,0x00000000de680000)
 ParOldGen       total 52736K, used 16763K [0x0000000081e00000, 0x0000000085180000, 0x00000000d5f80000)
  object space 52736K, 31% used [0x0000000081e00000,0x0000000082e5ecb0,0x0000000085180000)
 Metaspace       used 38341K, capacity 40010K, committed 40144K, reserved 1087488K
  class space    used 4985K, capacity 5303K, committed 5372K, reserved 1048576K
}
Event: 8.192 GC heap before
{Heap before GC invocations=11 (full 3):
 PSYoungGen      total 138240K, used 4012K [0x00000000d5f80000, 0x00000000deb80000, 0x0000000100000000)
  eden space 133120K, 0% used [0x00000000d5f80000,0x00000000d5f80000,0x00000000de180000)
  from space 5120K, 78% used [0x00000000de680000,0x00000000dea6b0b8,0x00000000deb80000)
  to   space 5120K, 0% used [0x00000000de180000,0x00000000de180000,0x00000000de680000)
 ParOldGen       total 52736K, used 16763K [0x0000000081e00000, 0x0000000085180000, 0x00000000d5f80000)
  object space 52736K, 31% used [0x0000000081e00000,0x0000000082e5ecb0,0x0000000085180000)
 Metaspace       used 38341K, capacity 40010K, committed 40144K, reserved 1087488K
  class space    used 4985K, capacity 5303K, committed 5372K, reserved 1048576K
Event: 8.310 GC heap after
Heap after GC invocations=11 (full 3):
 PSYoungGen      total 138240K, used 0K [0x00000000d5f80000, 0x00000000deb80000, 0x0000000100000000)
  eden space 133120K, 0% used [0x00000000d5f80000,0x00000000d5f80000,0x00000000de180000)
  from space 5120K, 0% used [0x00000000de680000,0x00000000de680000,0x00000000deb80000)
  to   space 5120K, 0% used [0x00000000de180000,0x00000000de180000,0x00000000de680000)
 ParOldGen       total 52736K, used 16923K [0x0000000081e00000, 0x0000000085180000, 0x00000000d5f80000)
  object space 52736K, 32% used [0x0000000081e00000,0x0000000082e86c40,0x0000000085180000)
 Metaspace       used 38341K, capacity 40010K, committed 40144K, reserved 1085440K
  class space    used 4985K, capacity 5303K, committed 5372K, reserved 1048576K
}

Deoptimization events (10 events):
Event: 7.459 Thread 0x000000001a562000 Uncommon trap: reason=unstable_if action=reinterpret pc=0x000000000358bac8 method=java.lang.AbstractStringBuilder.append(Ljava/lang/String;)Ljava/lang/AbstractStringBuilder; @ 1
Event: 7.522 Thread 0x000000001a562000 Uncommon trap: reason=unstable_if action=reinterpret pc=0x0000000003ccc9f4 method=org.springframework.asm.Frame.push(I)V @ 26
Event: 7.823 Thread 0x000000001a562000 Uncommon trap: reason=unstable_if action=reinterpret pc=0x0000000003a6d864 method=java.lang.CharacterDataLatin1.digit(II)I @ 60
Event: 7.932 Thread 0x000000001a562000 Uncommon trap: reason=unstable_if action=reinterpret pc=0x0000000003744574 method=java.net.URL.<init>(Ljava/net/URL;Ljava/lang/String;Ljava/net/URLStreamHandler;)V @ 57
Event: 8.352 Thread 0x000000001a562000 Uncommon trap: reason=class_check action=maybe_recompile pc=0x0000000003be6054 method=java.util.AbstractList$Itr.hasNext()Z @ 8
Event: 8.352 Thread 0x000000001a562000 Uncommon trap: reason=class_check action=maybe_recompile pc=0x0000000003bbc544 method=java.util.AbstractList$Itr.next()Ljava/lang/Object; @ 14
Event: 8.354 Thread 0x000000001a562000 Uncommon trap: reason=class_check action=maybe_recompile pc=0x0000000003be6054 method=java.util.AbstractList$Itr.hasNext()Z @ 8
Event: 8.354 Thread 0x000000001a562000 Uncommon trap: reason=class_check action=maybe_recompile pc=0x0000000003bbc544 method=java.util.AbstractList$Itr.next()Ljava/lang/Object; @ 14
Event: 8.354 Thread 0x000000001a562000 Uncommon trap: reason=class_check action=maybe_recompile pc=0x0000000003be6054 method=java.util.AbstractList$Itr.hasNext()Z @ 8
Event: 8.354 Thread 0x000000001a562000 Uncommon trap: reason=class_check action=maybe_recompile pc=0x0000000003bbc544 method=java.util.AbstractList$Itr.next()Ljava/lang/Object; @ 14

Classes redefined (0 events):
No events

Internal exceptions (10 events):
Event: 7.461 Thread 0x000000001a562000 Exception <a 'java/lang/NullPointerException'> (0x00000000dda4c338) thrown at [C:\ade\jenkins\workspace\8-2-build-windows-amd64-cygwin\jdk8u241\331\hotspot\src\share\vm\runtime\sharedRuntime.cpp, line 605]
Event: 7.461 Thread 0x000000001a562000 Implicit null exception at 0x0000000003acd10d to 0x0000000003acd67c
Event: 7.461 Thread 0x000000001a562000 Exception <a 'java/lang/NullPointerException'> (0x00000000dda4d0d0) thrown at [C:\ade\jenkins\workspace\8-2-build-windows-amd64-cygwin\jdk8u241\331\hotspot\src\share\vm\runtime\sharedRuntime.cpp, line 605]
Event: 7.461 Thread 0x000000001a562000 Implicit null exception at 0x0000000003acd10d to 0x0000000003acd67c
Event: 7.461 Thread 0x000000001a562000 Exception <a 'java/lang/NullPointerException'> (0x00000000dda4de68) thrown at [C:\ade\jenkins\workspace\8-2-build-windows-amd64-cygwin\jdk8u241\331\hotspot\src\share\vm\runtime\sharedRuntime.cpp, line 605]
Event: 7.461 Thread 0x000000001a562000 Implicit null exception at 0x0000000003acd10d to 0x0000000003acd67c
Event: 7.461 Thread 0x000000001a562000 Exception <a 'java/lang/NullPointerException'> (0x00000000dda4ec08) thrown at [C:\ade\jenkins\workspace\8-2-build-windows-amd64-cygwin\jdk8u241\331\hotspot\src\share\vm\runtime\sharedRuntime.cpp, line 605]
Event: 7.461 Thread 0x000000001a562000 Implicit null exception at 0x0000000003acd10d to 0x0000000003acd67c
Event: 7.461 Thread 0x000000001a562000 Exception <a 'java/lang/NullPointerException'> (0x00000000dda4f958) thrown at [C:\ade\jenkins\workspace\8-2-build-windows-amd64-cygwin\jdk8u241\331\hotspot\src\share\vm\runtime\sharedRuntime.cpp, line 605]
Event: 8.310 Thread 0x000000001d14f000 Exception <a 'java/net/SocketException': Unrecognized Windows Sockets error: 0: recv failed> (0x00000000d5f80090) thrown at [C:\ade\jenkins\workspace\8-2-build-windows-amd64-cygwin\jdk8u241\331\hotspot\src\share\vm\prims\jni.cpp, line 736]

Events (10 events):
Event: 8.363 loading class net/bytebuddy/dynamic/scaffold/FieldLocator$ForExactType
Event: 8.363 loading class net/bytebuddy/dynamic/scaffold/FieldLocator$ForExactType done
Event: 8.363 loading class net/bytebuddy/implementation/bytecode/StackManipulation$Trivial
Event: 8.363 loading class net/bytebuddy/implementation/bytecode/StackManipulation$Trivial done
Event: 8.363 loading class net/bytebuddy/implementation/bind/annotation/FieldValue
Event: 8.363 loading class net/bytebuddy/implementation/bind/annotation/FieldValue done
Event: 8.363 loading class net/bytebuddy/implementation/bind/annotation/StubValue$Binder
Event: 8.363 loading class net/bytebuddy/implementation/bind/annotation/StubValue$Binder done
Event: 8.364 loading class net/bytebuddy/implementation/bind/annotation/Empty$Binder
Event: 8.364 loading class net/bytebuddy/implementation/bind/annotation/Empty$Binder done


Dynamic libraries:
0x00007ff7b19d0000 - 0x00007ff7b1a07000 	C:\Program Files\Java\jre1.8.0_241\bin\javaw.exe
0x00007ff8ad1c0000 - 0x00007ff8ad3b0000 	C:\Windows\SYSTEM32\ntdll.dll
0x00007ff8ac750000 - 0x00007ff8ac802000 	C:\Windows\System32\KERNEL32.DLL
0x00007ff8aa530000 - 0x00007ff8aa7d4000 	C:\Windows\System32\KERNELBASE.dll
0x00007ff8ac1c0000 - 0x00007ff8ac263000 	C:\Windows\System32\ADVAPI32.dll
0x00007ff8ab340000 - 0x00007ff8ab3de000 	C:\Windows\System32\msvcrt.dll
0x00007ff8acd70000 - 0x00007ff8ace07000 	C:\Windows\System32\sechost.dll
0x00007ff8ad060000 - 0x00007ff8ad180000 	C:\Windows\System32\RPCRT4.dll
0x00007ff8acec0000 - 0x00007ff8ad054000 	C:\Windows\System32\USER32.dll
0x00007ff8aa350000 - 0x00007ff8aa371000 	C:\Windows\System32\win32u.dll
0x00007ff8acbe0000 - 0x00007ff8acc06000 	C:\Windows\System32\GDI32.dll
0x00007ff8aa150000 - 0x00007ff8aa2e5000 	C:\Windows\System32\gdi32full.dll
0x00007ff8aa930000 - 0x00007ff8aa9ce000 	C:\Windows\System32\msvcp_win.dll
0x00007ff8aa430000 - 0x00007ff8aa52a000 	C:\Windows\System32\ucrtbase.dll
0x00007ff890500000 - 0x00007ff890784000 	C:\Windows\WinSxS\amd64_microsoft.windows.common-controls_6595b64144ccf1df_6.0.18362.900_none_e6beb9d913147d17\COMCTL32.dll
0x00007ff8abb20000 - 0x00007ff8abe55000 	C:\Windows\System32\combase.dll
0x00007ff8aaa50000 - 0x00007ff8aaad0000 	C:\Windows\System32\bcryptPrimitives.dll
0x00007ff8ab3e0000 - 0x00007ff8ab40e000 	C:\Windows\System32\IMM32.DLL
0x000000005c9d0000 - 0x000000005caa2000 	C:\Program Files\Java\jre1.8.0_241\bin\msvcr100.dll
0x000000005be80000 - 0x000000005c72c000 	C:\Program Files\Java\jre1.8.0_241\bin\server\jvm.dll
0x00007ff8ac8e0000 - 0x00007ff8ac8e8000 	C:\Windows\System32\PSAPI.DLL
0x00007ff8a2140000 - 0x00007ff8a214a000 	C:\Windows\SYSTEM32\VERSION.dll
0x00007ff89dbf0000 - 0x00007ff89dc14000 	C:\Windows\SYSTEM32\WINMM.dll
0x00007ff89c1a0000 - 0x00007ff89c1a9000 	C:\Windows\SYSTEM32\WSOCK32.dll
0x00007ff8ac020000 - 0x00007ff8ac08f000 	C:\Windows\System32\WS2_32.dll
0x00007ff89dbc0000 - 0x00007ff89dbed000 	C:\Windows\SYSTEM32\winmmbase.dll
0x00007ff8aaa00000 - 0x00007ff8aaa4a000 	C:\Windows\System32\cfgmgr32.dll
0x00007ff89c0e0000 - 0x00007ff89c0ef000 	C:\Program Files\Java\jre1.8.0_241\bin\verify.dll
0x00007ff892820000 - 0x00007ff892849000 	C:\Program Files\Java\jre1.8.0_241\bin\java.dll
0x00007ff892ed0000 - 0x00007ff892ee6000 	C:\Program Files\Java\jre1.8.0_241\bin\zip.dll
0x00007ff8ab410000 - 0x00007ff8abaf6000 	C:\Windows\System32\SHELL32.dll
0x00007ff8ace10000 - 0x00007ff8aceb9000 	C:\Windows\System32\shcore.dll
0x00007ff8aaaf0000 - 0x00007ff8ab270000 	C:\Windows\System32\windows.storage.dll
0x00007ff8aa090000 - 0x00007ff8aa0b3000 	C:\Windows\System32\profapi.dll
0x00007ff8aa0c0000 - 0x00007ff8aa10a000 	C:\Windows\System32\powrprof.dll
0x00007ff8aa080000 - 0x00007ff8aa090000 	C:\Windows\System32\UMPDC.dll
0x00007ff8ac270000 - 0x00007ff8ac2c2000 	C:\Windows\System32\shlwapi.dll
0x00007ff8aa130000 - 0x00007ff8aa141000 	C:\Windows\System32\kernel.appcore.dll
0x00007ff8aaad0000 - 0x00007ff8aaae7000 	C:\Windows\System32\cryptsp.dll
0x00007ff89bfe0000 - 0x00007ff89bfed000 	C:\Program Files\Java\jre1.8.0_241\bin\management.dll
0x00007ff892d30000 - 0x00007ff892d4a000 	C:\Program Files\Java\jre1.8.0_241\bin\net.dll
0x00007ff8a9890000 - 0x00007ff8a98f7000 	C:\Windows\system32\mswsock.dll
0x00007ff87a9b0000 - 0x00007ff87a9c6000 	C:\Windows\system32\napinsp.dll
0x00007ff87a990000 - 0x00007ff87a9aa000 	C:\Windows\system32\pnrpnsp.dll
0x00007ff8a9630000 - 0x00007ff8a96fb000 	C:\Windows\SYSTEM32\DNSAPI.dll
0x00007ff8ac9c0000 - 0x00007ff8ac9c8000 	C:\Windows\System32\NSI.dll
0x00007ff8a95a0000 - 0x00007ff8a95da000 	C:\Windows\SYSTEM32\IPHLPAPI.DLL
0x00007ff890980000 - 0x00007ff89098e000 	C:\Windows\System32\winrnr.dll
0x00007ff8a16c0000 - 0x00007ff8a16dc000 	C:\Windows\system32\NLAapi.dll
0x00007ff8a2720000 - 0x00007ff8a2735000 	C:\Windows\system32\wshbth.dll
0x00007ff89e8f0000 - 0x00007ff89e8fa000 	C:\Windows\System32\rasadhlp.dll
0x00007ff8a1b90000 - 0x00007ff8a1c07000 	C:\Windows\System32\fwpuclnt.dll
0x00007ff8aa9d0000 - 0x00007ff8aa9f6000 	C:\Windows\System32\bcrypt.dll
0x00007ff892c80000 - 0x00007ff892c92000 	C:\Program Files\Java\jre1.8.0_241\bin\nio.dll
0x00007ff8a9400000 - 0x00007ff8a9433000 	C:\Windows\system32\rsaenh.dll
0x00007ff8a9fa0000 - 0x00007ff8a9fc5000 	C:\Windows\SYSTEM32\USERENV.dll
0x00007ff8a9a60000 - 0x00007ff8a9a6c000 	C:\Windows\SYSTEM32\CRYPTBASE.dll
0x00007ff8a1c90000 - 0x00007ff8a1ca6000 	C:\Windows\SYSTEM32\dhcpcsvc6.DLL
0x00007ff8a1cf0000 - 0x00007ff8a1d0c000 	C:\Windows\SYSTEM32\dhcpcsvc.DLL

VM Arguments:
jvm_args: -Dfile.encoding=UTF-8 
java_command: com.linenha.agendamento.AgendamentodefotosApplication
java_class_path (initial): C:\Users\Thaysa Magalhães\Desktop\Thaysa\Faculdade\React\agendamento\target\classes;C:\Users\Thaysa Magalhães\Desktop\eclipse\plugins\org.junit_4.13.0.v20200204-1500.jar;C:\Users\Thaysa Magalhães\Desktop\eclipse\plugins\org.hamcrest.core_1.3.0.v20180420-1519.jar;C:\Users\Thaysa Magalhães\Desktop\lombok.jar;C:\Users\Thaysa Magalhães\.m2\repository\org\springframework\boot\spring-boot-starter\2.1.8.RELEASE\spring-boot-starter-2.1.8.RELEASE.jar;C:\Users\Thaysa Magalhães\.m2\repository\org\springframework\boot\spring-boot\2.1.8.RELEASE\spring-boot-2.1.8.RELEASE.jar;C:\Users\Thaysa Magalhães\.m2\repository\org\springframework\spring-context\5.1.9.RELEASE\spring-context-5.1.9.RELEASE.jar;C:\Users\Thaysa Magalhães\.m2\repository\org\springframework\boot\spring-boot-autoconfigure\2.1.8.RELEASE\spring-boot-autoconfigure-2.1.8.RELEASE.jar;C:\Users\Thaysa Magalhães\.m2\repository\org\springframework\boot\spring-boot-starter-logging\2.1.8.RELEASE\spring-boot-starter-logging-2.1.8.RELEASE.jar;C:\Users\Thaysa Magalhães\.m2\repository\ch\qos\logback\logback-classic\1.2.3\logback-classic-1.2.3.jar;C:\Users\Thaysa Magalhães\.m2\repository\ch\qos\logback\logback-core\1.2.3\logback-core-1.2.3.jar;C:\Users\Thaysa Magalhães\.m2\repository\org\apache\logging\log4j\log4j-to-slf4j\2.11.2\log4j-to-slf4j-2.11.2.jar;C:\Users\Thaysa Magalhães\.m2\repository\org\apache\logging\log4j\log4j-api\2.11.2\log4j-api-2.11.2.jar;C:\Users\Thaysa Magalhães\.m2\repository\org\slf4j\jul-to-slf4j\1.7.28\jul-to-slf4j-1.7.28.jar;C:\Users\Thaysa Magalhães\.m2\repository\javax\annotation\javax.annotation-api\1.3.2\javax.annotation-api-1.3.2.jar;C:\Users\Thaysa Magalhães\.m2\repository\org\springframework\spring-core\5.1.9.RELEASE\spring-core-5.1.9.RELEASE.jar;C:\Users\Thaysa Magalhães\.m2\repository\org\springframework\spring-jcl\5.1.9.RELEASE\spring-jcl-5.1.9.RELEASE.jar;C:\Users\Thaysa Magalhães\.m2\repository\org\yaml\snakeyaml\1.23\snakeyaml-1.23.jar;C:\Users\Thaysa Magalhães\.m2
Launcher Type: SUN_STANDARD

Environment Variables:
PATH=C:/Program Files/Java/jre1.8.0_241/bin/server;C:/Program Files/Java/jre1.8.0_241/bin;C:/Program Files/Java/jre1.8.0_241/lib/amd64;C:\Program Files (x86)\Common Files\Oracle\Java\javapath;C:\Windows\system32;C:\Windows;C:\Windows\System32\Wbem;C:\Windows\System32\WindowsPowerShell\v1.0\;C:\Windows\System32\OpenSSH\;C:\Program Files\NVIDIA Corporation\NVIDIA NvDLISR;C:\Program Files\nodejs\;C:\Program Files\Git\cmd;C:\Program Files (x86)\NVIDIA Corporation\PhysX\Common;C:\Users\Thaysa Magalhães\AppData\Local\Programs\Python\Python38-32\Scripts\;C:\Users\Thaysa Magalhães\AppData\Local\Programs\Python\Python38-32\;C:\Users\Thaysa Magalhães\AppData\Local\Programs\Python\Launcher\;C:\Users\Thaysa Magalhães\AppData\Local\Microsoft\WindowsApps;C:\Users\Thaysa Magalhães\AppData\Local\Programs\Microsoft VS Code\bin;C:\Users\Thaysa Magalhães\AppData\Roaming\npm;C:\MinGW\bin;;C:\Users\Thaysa Magalhães\Desktop\eclipse;
USERNAME=Thaysa Magalhães
OS=Windows_NT
PROCESSOR_IDENTIFIER=Intel64 Family 6 Model 142 Stepping 9, GenuineIntel



---------------  S Y S T E M  ---------------

OS: Windows 10.0 , 64 bit Build 18362 (10.0.18362.900)

CPU:total 4 (initial active 4) (2 cores per cpu, 2 threads per core) family 6 model 142 stepping 9, cmov, cx8, fxsr, mmx, sse, sse2, sse3, ssse3, sse4.1, sse4.2, popcnt, avx, avx2, aes, clmul, erms, 3dnowpref, lzcnt, ht, tsc, tscinvbit, bmi1, bmi2, adx

Memory: 4k page, physical 8261220k(1417728k free), swap 10210916k(5340k free)

vm_info: Java HotSpot(TM) 64-Bit Server VM (25.241-b07) for windows-amd64 JRE (1.8.0_241-b07), built on Dec 11 2019 10:21:40 by "rejava" with MS VC++ 10.0 (VS2010)

time: Tue Jun 16 18:44:15 2020
timezone: Hora oficial do Brasil
elapsed time: 8 seconds (0d 0h 0m 8s)

