#
# There is insufficient memory for the Java Runtime Environment to continue.
# Native memory allocation (malloc) failed to allocate 444256 bytes for Chunk::new
# Possible reasons:
#   The system is out of physical RAM or swap space
#   The process is running with CompressedOops enabled, and the Java Heap may be blocking the growth of the native heap
# Possible solutions:
#   Reduce memory load on the system
#   Increase physical memory or swap space
#   Check if swap backing store is full
#   Decrease Java heap size (-Xmx/-Xms)
#   Decrease number of Java threads
#   Decrease Java thread stack sizes (-Xss)
#   Set larger code cache with -XX:ReservedCodeCacheSize=
#   JVM is running with Unscaled Compressed Oops mode in which the Java heap is
#     placed in the first 4GB address space. The Java Heap base address is the
#     maximum limit for the native heap growth. Please use -XX:HeapBaseMinAddress
#     to set the Java Heap base and to place the Java Heap above 4GB virtual address.
# This output file may be truncated or incomplete.
#
#  Out of Memory Error (allocation.cpp:389), pid=12748, tid=0x0000000000001a0c
#
# JRE version: Java(TM) SE Runtime Environment (8.0_241-b07) (build 1.8.0_241-b07)
# Java VM: Java HotSpot(TM) 64-Bit Server VM (25.241-b07 mixed mode windows-amd64 compressed oops)
# Failed to write core dump. Minidumps are not enabled by default on client versions of Windows
#

---------------  T H R E A D  ---------------

Current thread (0x000000001772a000):  JavaThread "C2 CompilerThread1" daemon [_thread_in_native, id=6668, stack(0x0000000018ec0000,0x0000000018fc0000)]

Stack: [0x0000000018ec0000,0x0000000018fc0000]
[error occurred during error reporting (printing stack bounds), id 0xc0000005]

Native frames: (J=compiled Java code, j=interpreted, Vv=VM code, C=native code)


Current CompileTask:
C2:   1449 1199   !   4       java.net.URL::<init> (543 bytes)


---------------  P R O C E S S  ---------------

Java Threads: ( => current thread )
  0x0000000019e23000 JavaThread "background-preinit" [_thread_in_vm, id=12084, stack(0x000000001b1f0000,0x000000001b2f0000)]
  0x0000000019c92800 JavaThread "restartedMain" [_thread_in_vm, id=13000, stack(0x000000001a120000,0x000000001a220000)]
  0x0000000019c91800 JavaThread "Thread-0" [_thread_blocked, id=3220, stack(0x000000001a020000,0x000000001a120000)]
  0x000000001777e000 JavaThread "Service Thread" daemon [_thread_blocked, id=4484, stack(0x00000000194c0000,0x00000000195c0000)]
  0x0000000017730800 JavaThread "C1 CompilerThread2" daemon [_thread_blocked, id=13256, stack(0x0000000018fc0000,0x00000000190c0000)]
=>0x000000001772a000 JavaThread "C2 CompilerThread1" daemon [_thread_in_native, id=6668, stack(0x0000000018ec0000,0x0000000018fc0000)]
  0x0000000017727800 JavaThread "C2 CompilerThread0" daemon [_thread_blocked, id=3444, stack(0x0000000018dc0000,0x0000000018ec0000)]
  0x0000000017724800 JavaThread "Attach Listener" daemon [_thread_blocked, id=1040, stack(0x0000000018cc0000,0x0000000018dc0000)]
  0x0000000017723800 JavaThread "Signal Dispatcher" daemon [_thread_blocked, id=7644, stack(0x0000000018bc0000,0x0000000018cc0000)]
  0x000000001770f800 JavaThread "Finalizer" daemon [_thread_blocked, id=11464, stack(0x00000000189b0000,0x0000000018ab0000)]
  0x0000000002bf6000 JavaThread "Reference Handler" daemon [_thread_blocked, id=3916, stack(0x00000000188b0000,0x00000000189b0000)]
  0x0000000002b04800 JavaThread "main" [_thread_blocked, id=5904, stack(0x0000000002a00000,0x0000000002b00000)]

Other Threads:
  0x00000000176e8000 VMThread [stack: 0x00000000187b0000,0x00000000188b0000] [id=12736]
  0x0000000019115800 WatcherThread [stack: 0x0000000019720000,0x0000000019820000] [id=12492]

VM state:not at safepoint (normal execution)

VM Mutex/Monitor currently owned by a thread: None

heap address: 0x0000000081e00000, size: 2018 MB, Compressed Oops mode: 32-bit
Narrow klass base: 0x0000000000000000, Narrow klass shift: 3
Compressed class space size: 1073741824 Address: 0x0000000100000000

Heap:
 PSYoungGen      total 38400K, used 6923K [0x00000000d5f80000, 0x00000000daa80000, 0x0000000100000000)
  eden space 33280K, 5% used [0x00000000d5f80000,0x00000000d6148768,0x00000000d8000000)
  from space 5120K, 99% used [0x00000000d8000000,0x00000000d84fa550,0x00000000d8500000)
  to   space 5120K, 0% used [0x00000000da580000,0x00000000da580000,0x00000000daa80000)
 ParOldGen       total 87552K, used 1101K [0x0000000081e00000, 0x0000000087380000, 0x00000000d5f80000)
  object space 87552K, 1% used [0x0000000081e00000,0x0000000081f135e0,0x0000000087380000)
 Metaspace       used 13740K, capacity 14244K, committed 14336K, reserved 1060864K
  class space    used 1819K, capacity 1969K, committed 2048K, reserved 1048576K

Card table byte_map: [0x0000000011fc0000,0x00000000123c0000] byte_map_base: 0x0000000011bb1000

Marking Bits: (ParMarkBitMap*) 0x000000005c6abe30
 Begin Bits: [0x0000000012a70000, 0x00000000149f8000)
 End Bits:   [0x00000000149f8000, 0x0000000016980000)

Polling page: 0x0000000000c40000

CodeCache: size=245760Kb used=4252Kb max_used=4252Kb free=241507Kb
 bounds [0x0000000002c00000, 0x0000000003030000, 0x0000000011c00000]
 total_blobs=1596 nmethods=1263 adapters=245
 compilation: enabled

Compilation events (10 events):
Event: 1.414 Thread 0x0000000017730800 nmethod 1230 0x0000000003010450 code [0x00000000030105e0, 0x0000000003010a10]
Event: 1.415 Thread 0x0000000017730800 1231       3       sun.reflect.DelegatingConstructorAccessorImpl::newInstance (9 bytes)
Event: 1.415 Thread 0x0000000017730800 nmethod 1231 0x00000000030153d0 code [0x0000000003015540, 0x0000000003015768]
Event: 1.425 Thread 0x0000000017727800 nmethod 1223% 0x0000000003019150 code [0x00000000030192e0, 0x000000000301a028]
Event: 1.426 Thread 0x0000000017730800 1232       1       java.lang.reflect.Constructor::getConstructorAccessor (5 bytes)
Event: 1.426 Thread 0x0000000017730800 nmethod 1232 0x000000000300e110 code [0x000000000300e260, 0x000000000300e370]
Event: 1.426 Thread 0x0000000017730800 1233       3       java.lang.reflect.Constructor::setConstructorAccessor (21 bytes)
Event: 1.426 Thread 0x0000000017730800 nmethod 1233 0x0000000003018b10 code [0x0000000003018c80, 0x0000000003019028]
Event: 1.429 Thread 0x0000000017730800 1234       3       sun.reflect.ConstructorAccessorImpl::<init> (5 bytes)
Event: 1.429 Thread 0x0000000017730800 nmethod 1234 0x00000000030186d0 code [0x0000000003018840, 0x0000000003018a50]

GC Heap History (6 events):
Event: 0.831 GC heap before
{Heap before GC invocations=1 (full 0):
 PSYoungGen      total 38400K, used 33280K [0x00000000d5f80000, 0x00000000d8a00000, 0x0000000100000000)
  eden space 33280K, 100% used [0x00000000d5f80000,0x00000000d8000000,0x00000000d8000000)
  from space 5120K, 0% used [0x00000000d8500000,0x00000000d8500000,0x00000000d8a00000)
  to   space 5120K, 0% used [0x00000000d8000000,0x00000000d8000000,0x00000000d8500000)
 ParOldGen       total 87552K, used 0K [0x0000000081e00000, 0x0000000087380000, 0x00000000d5f80000)
  object space 87552K, 0% used [0x0000000081e00000,0x0000000081e00000,0x0000000087380000)
 Metaspace       used 6804K, capacity 7010K, committed 7296K, reserved 1056768K
  class space    used 784K, capacity 835K, committed 896K, reserved 1048576K
Event: 0.837 GC heap after
Heap after GC invocations=1 (full 0):
 PSYoungGen      total 38400K, used 4220K [0x00000000d5f80000, 0x00000000d8a00000, 0x0000000100000000)
  eden space 33280K, 0% used [0x00000000d5f80000,0x00000000d5f80000,0x00000000d8000000)
  from space 5120K, 82% used [0x00000000d8000000,0x00000000d841f060,0x00000000d8500000)
  to   space 5120K, 0% used [0x00000000d8500000,0x00000000d8500000,0x00000000d8a00000)
 ParOldGen       total 87552K, used 8K [0x0000000081e00000, 0x0000000087380000, 0x00000000d5f80000)
  object space 87552K, 0% used [0x0000000081e00000,0x0000000081e02000,0x0000000087380000)
 Metaspace       used 6804K, capacity 7010K, committed 7296K, reserved 1056768K
  class space    used 784K, capacity 835K, committed 896K, reserved 1048576K
}
Event: 1.075 GC heap before
{Heap before GC invocations=2 (full 0):
 PSYoungGen      total 38400K, used 37500K [0x00000000d5f80000, 0x00000000d8a00000, 0x0000000100000000)
  eden space 33280K, 100% used [0x00000000d5f80000,0x00000000d8000000,0x00000000d8000000)
  from space 5120K, 82% used [0x00000000d8000000,0x00000000d841f060,0x00000000d8500000)
  to   space 5120K, 0% used [0x00000000d8500000,0x00000000d8500000,0x00000000d8a00000)
 ParOldGen       total 87552K, used 8K [0x0000000081e00000, 0x0000000087380000, 0x00000000d5f80000)
  object space 87552K, 0% used [0x0000000081e00000,0x0000000081e02000,0x0000000087380000)
 Metaspace       used 9574K, capacity 9824K, committed 9984K, reserved 1058816K
  class space    used 1125K, capacity 1191K, committed 1280K, reserved 1048576K
Event: 1.081 GC heap after
Heap after GC invocations=2 (full 0):
 PSYoungGen      total 38400K, used 3802K [0x00000000d5f80000, 0x00000000daa80000, 0x0000000100000000)
  eden space 33280K, 0% used [0x00000000d5f80000,0x00000000d5f80000,0x00000000d8000000)
  from space 5120K, 74% used [0x00000000d8500000,0x00000000d88b6880,0x00000000d8a00000)
  to   space 5120K, 0% used [0x00000000d8000000,0x00000000d8000000,0x00000000d8500000)
 ParOldGen       total 87552K, used 16K [0x0000000081e00000, 0x0000000087380000, 0x00000000d5f80000)
  object space 87552K, 0% used [0x0000000081e00000,0x0000000081e04000,0x0000000087380000)
 Metaspace       used 9574K, capacity 9824K, committed 9984K, reserved 1058816K
  class space    used 1125K, capacity 1191K, committed 1280K, reserved 1048576K
}
Event: 1.430 GC heap before
{Heap before GC invocations=3 (full 0):
 PSYoungGen      total 38400K, used 37082K [0x00000000d5f80000, 0x00000000daa80000, 0x0000000100000000)
  eden space 33280K, 100% used [0x00000000d5f80000,0x00000000d8000000,0x00000000d8000000)
  from space 5120K, 74% used [0x00000000d8500000,0x00000000d88b6880,0x00000000d8a00000)
  to   space 5120K, 0% used [0x00000000d8000000,0x00000000d8000000,0x00000000d8500000)
 ParOldGen       total 87552K, used 16K [0x0000000081e00000, 0x0000000087380000, 0x00000000d5f80000)
  object space 87552K, 0% used [0x0000000081e00000,0x0000000081e04000,0x0000000087380000)
 Metaspace       used 13611K, capacity 14084K, committed 14336K, reserved 1060864K
  class space    used 1793K, capacity 1937K, committed 2048K, reserved 1048576K
Event: 1.439 GC heap after
Heap after GC invocations=3 (full 0):
 PSYoungGen      total 38400K, used 5097K [0x00000000d5f80000, 0x00000000daa80000, 0x0000000100000000)
  eden space 33280K, 0% used [0x00000000d5f80000,0x00000000d5f80000,0x00000000d8000000)
  from space 5120K, 99% used [0x00000000d8000000,0x00000000d84fa550,0x00000000d8500000)
  to   space 5120K, 0% used [0x00000000da580000,0x00000000da580000,0x00000000daa80000)
 ParOldGen       total 87552K, used 1101K [0x0000000081e00000, 0x0000000087380000, 0x00000000d5f80000)
  object space 87552K, 1% used [0x0000000081e00000,0x0000000081f135e0,0x0000000087380000)
 Metaspace       used 13611K, capacity 14084K, committed 14336K, reserved 1060864K
  class space    used 1793K, capacity 1937K, committed 2048K, reserved 1048576K
}

Deoptimization events (8 events):
Event: 0.732 Thread 0x0000000002b04800 Uncommon trap: reason=range_check action=make_not_entrant pc=0x0000000002e59aa0 method=sun.reflect.generics.parser.SignatureParser.current()C @ 34
Event: 0.870 Thread 0x0000000019c92800 Uncommon trap: reason=class_check action=maybe_recompile pc=0x0000000002e5db7c method=sun.misc.URLClassPath.getLoader(I)Lsun/misc/URLClassPath$Loader; @ 94
Event: 0.913 Thread 0x0000000019c92800 Uncommon trap: reason=unstable_if action=reinterpret pc=0x0000000002db4878 method=java.lang.String.indexOf([CII[CIII)I @ 3
Event: 1.153 Thread 0x0000000019c92800 Uncommon trap: reason=unstable_if action=reinterpret pc=0x0000000002ee6628 method=java.util.HashMap.hash(Ljava/lang/Object;)I @ 1
Event: 1.396 Thread 0x0000000019e23000 Uncommon trap: reason=unstable_if action=reinterpret pc=0x0000000003004d18 method=java.util.concurrent.ConcurrentHashMap.addCount(JI)V @ 168
Event: 1.403 Thread 0x0000000019e23000 Uncommon trap: reason=unstable_if action=reinterpret pc=0x0000000002ef6a00 method=java.util.HashMap.getNode(ILjava/lang/Object;)Ljava/util/HashMap$Node; @ 129
Event: 1.403 Thread 0x0000000019e23000 Uncommon trap: reason=unstable_if action=reinterpret pc=0x0000000002fad398 method=java.util.HashMap.putVal(ILjava/lang/Object;Ljava/lang/Object;ZZ)Ljava/lang/Object; @ 181
Event: 1.403 Thread 0x0000000019e23000 Uncommon trap: reason=unstable_if action=reinterpret pc=0x0000000002eea9bc method=java.util.HashMap.getNode(ILjava/lang/Object;)Ljava/util/HashMap$Node; @ 129

Classes redefined (0 events):
No events

Internal exceptions (10 events):
Event: 0.940 Thread 0x0000000019e23000 Exception <a 'java/lang/ArrayIndexOutOfBoundsException'> (0x00000000d7831ba8) thrown at [C:\ade\jenkins\workspace\8-2-build-windows-amd64-cygwin\jdk8u241\331\hotspot\src\share\vm\runtime\sharedRuntime.cpp, line 605]
Event: 0.942 Thread 0x0000000019e23000 Exception <a 'java/lang/ArrayIndexOutOfBoundsException'> (0x00000000d7833470) thrown at [C:\ade\jenkins\workspace\8-2-build-windows-amd64-cygwin\jdk8u241\331\hotspot\src\share\vm\runtime\sharedRuntime.cpp, line 605]
Event: 0.945 Thread 0x0000000019e23000 Exception <a 'java/lang/ArrayIndexOutOfBoundsException'> (0x00000000d783b3c8) thrown at [C:\ade\jenkins\workspace\8-2-build-windows-amd64-cygwin\jdk8u241\331\hotspot\src\share\vm\runtime\sharedRuntime.cpp, line 605]
Event: 0.946 Thread 0x0000000019e23000 Exception <a 'java/lang/ArrayIndexOutOfBoundsException'> (0x00000000d7896298) thrown at [C:\ade\jenkins\workspace\8-2-build-windows-amd64-cygwin\jdk8u241\331\hotspot\src\share\vm\runtime\sharedRuntime.cpp, line 605]
Event: 0.947 Thread 0x0000000019e23000 Exception <a 'java/lang/ArrayIndexOutOfBoundsException'> (0x00000000d78a43a0) thrown at [C:\ade\jenkins\workspace\8-2-build-windows-amd64-cygwin\jdk8u241\331\hotspot\src\share\vm\runtime\sharedRuntime.cpp, line 605]
Event: 0.947 Thread 0x0000000019e23000 Exception <a 'java/lang/ArrayIndexOutOfBoundsException'> (0x00000000d78a5990) thrown at [C:\ade\jenkins\workspace\8-2-build-windows-amd64-cygwin\jdk8u241\331\hotspot\src\share\vm\runtime\sharedRuntime.cpp, line 605]
Event: 0.948 Thread 0x0000000019e23000 Exception <a 'java/lang/ArrayIndexOutOfBoundsException'> (0x00000000d78ad578) thrown at [C:\ade\jenkins\workspace\8-2-build-windows-amd64-cygwin\jdk8u241\331\hotspot\src\share\vm\runtime\sharedRuntime.cpp, line 605]
Event: 0.949 Thread 0x0000000019e23000 Exception <a 'java/lang/ArrayIndexOutOfBoundsException'> (0x00000000d78b5190) thrown at [C:\ade\jenkins\workspace\8-2-build-windows-amd64-cygwin\jdk8u241\331\hotspot\src\share\vm\runtime\sharedRuntime.cpp, line 605]
Event: 1.075 Thread 0x0000000019c92800 Exception <a 'java/lang/NoSuchMethodError': java.lang.Object.lambda$chars$0()Ljava/util/Spliterator$OfInt;> (0x00000000d7fe44f8) thrown at [C:\ade\jenkins\workspace\8-2-build-windows-amd64-cygwin\jdk8u241\331\hotspot\src\share\vm\interpreter\linkResolver.
Event: 1.153 Thread 0x0000000019c92800 Implicit null exception at 0x0000000002ee65af to 0x0000000002ee6619

Events (10 events):
Event: 1.430 loading class com/fasterxml/classmate/members/RawConstructor
Event: 1.430 loading class com/fasterxml/classmate/members/RawConstructor done
Event: 1.430 Executing VM operation: ParallelGCFailedAllocation
Event: 1.439 Executing VM operation: ParallelGCFailedAllocation done
Event: 1.439 loading class com/fasterxml/classmate/members/RawMember
Event: 1.439 loading class com/fasterxml/classmate/members/RawMember done
Event: 1.440 loading class com/fasterxml/classmate/members/RawField
Event: 1.440 loading class com/fasterxml/classmate/members/RawField done
Event: 1.440 loading class com/fasterxml/classmate/members/RawMethod
Event: 1.440 loading class com/fasterxml/classmate/members/RawMethod done


Dynamic libraries:
0x00007ff7b19d0000 - 0x00007ff7b1a07000 	C:\Program Files\Java\jre1.8.0_241\bin\javaw.exe
0x00007ff8ad1c0000 - 0x00007ff8ad3b0000 	C:\Windows\SYSTEM32\ntdll.dll
0x00007ff8ac750000 - 0x00007ff8ac802000 	C:\Windows\System32\KERNEL32.DLL
0x00007ff8aa530000 - 0x00007ff8aa7d4000 	C:\Windows\System32\KERNELBASE.dll
0x00007ff8ac1c0000 - 0x00007ff8ac263000 	C:\Windows\System32\ADVAPI32.dll
0x00007ff8ab340000 - 0x00007ff8ab3de000 	C:\Windows\System32\msvcrt.dll
0x00007ff8acd70000 - 0x00007ff8ace07000 	C:\Windows\System32\sechost.dll
0x00007ff8ad060000 - 0x00007ff8ad180000 	C:\Windows\System32\RPCRT4.dll
0x00007ff8acec0000 - 0x00007ff8ad054000 	C:\Windows\System32\USER32.dll
0x00007ff8aa350000 - 0x00007ff8aa371000 	C:\Windows\System32\win32u.dll
0x00007ff8acbe0000 - 0x00007ff8acc06000 	C:\Windows\System32\GDI32.dll
0x00007ff8aa150000 - 0x00007ff8aa2e5000 	C:\Windows\System32\gdi32full.dll
0x00007ff8aa930000 - 0x00007ff8aa9ce000 	C:\Windows\System32\msvcp_win.dll
0x00007ff8aa430000 - 0x00007ff8aa52a000 	C:\Windows\System32\ucrtbase.dll
0x00007ff890500000 - 0x00007ff890784000 	C:\Windows\WinSxS\amd64_microsoft.windows.common-controls_6595b64144ccf1df_6.0.18362.900_none_e6beb9d913147d17\COMCTL32.dll
0x00007ff8abb20000 - 0x00007ff8abe55000 	C:\Windows\System32\combase.dll
0x00007ff8aaa50000 - 0x00007ff8aaad0000 	C:\Windows\System32\bcryptPrimitives.dll
0x00007ff8ab3e0000 - 0x00007ff8ab40e000 	C:\Windows\System32\IMM32.DLL
0x000000005c9d0000 - 0x000000005caa2000 	C:\Program Files\Java\jre1.8.0_241\bin\msvcr100.dll
0x000000005be80000 - 0x000000005c72c000 	C:\Program Files\Java\jre1.8.0_241\bin\server\jvm.dll
0x00007ff8ac8e0000 - 0x00007ff8ac8e8000 	C:\Windows\System32\PSAPI.DLL
0x00007ff8a2140000 - 0x00007ff8a214a000 	C:\Windows\SYSTEM32\VERSION.dll
0x00007ff89dbf0000 - 0x00007ff89dc14000 	C:\Windows\SYSTEM32\WINMM.dll
0x00007ff89c1a0000 - 0x00007ff89c1a9000 	C:\Windows\SYSTEM32\WSOCK32.dll
0x00007ff8ac020000 - 0x00007ff8ac08f000 	C:\Windows\System32\WS2_32.dll
0x00007ff89dbc0000 - 0x00007ff89dbed000 	C:\Windows\SYSTEM32\winmmbase.dll
0x00007ff8aaa00000 - 0x00007ff8aaa4a000 	C:\Windows\System32\cfgmgr32.dll
0x00007ff89c030000 - 0x00007ff89c03f000 	C:\Program Files\Java\jre1.8.0_241\bin\verify.dll
0x00007ff87f8e0000 - 0x00007ff87f909000 	C:\Program Files\Java\jre1.8.0_241\bin\java.dll
0x00007ff892c10000 - 0x00007ff892c26000 	C:\Program Files\Java\jre1.8.0_241\bin\zip.dll
0x00007ff8ab410000 - 0x00007ff8abaf6000 	C:\Windows\System32\SHELL32.dll
0x00007ff8ace10000 - 0x00007ff8aceb9000 	C:\Windows\System32\shcore.dll
0x00007ff8aaaf0000 - 0x00007ff8ab270000 	C:\Windows\System32\windows.storage.dll
0x00007ff8aa090000 - 0x00007ff8aa0b3000 	C:\Windows\System32\profapi.dll
0x00007ff8aa0c0000 - 0x00007ff8aa10a000 	C:\Windows\System32\powrprof.dll
0x00007ff8aa080000 - 0x00007ff8aa090000 	C:\Windows\System32\UMPDC.dll
0x00007ff8ac270000 - 0x00007ff8ac2c2000 	C:\Windows\System32\shlwapi.dll
0x00007ff8aa130000 - 0x00007ff8aa141000 	C:\Windows\System32\kernel.appcore.dll
0x00007ff8aaad0000 - 0x00007ff8aaae7000 	C:\Windows\System32\cryptsp.dll
0x00007ff89c040000 - 0x00007ff89c04d000 	C:\Program Files\Java\jre1.8.0_241\bin\management.dll
0x00007ff892480000 - 0x00007ff89249a000 	C:\Program Files\Java\jre1.8.0_241\bin\net.dll
0x00007ff8a9890000 - 0x00007ff8a98f7000 	C:\Windows\system32\mswsock.dll
0x00007ff87a9b0000 - 0x00007ff87a9c6000 	C:\Windows\system32\napinsp.dll
0x00007ff87a990000 - 0x00007ff87a9aa000 	C:\Windows\system32\pnrpnsp.dll
0x00007ff8a9630000 - 0x00007ff8a96fb000 	C:\Windows\SYSTEM32\DNSAPI.dll
0x00007ff8ac9c0000 - 0x00007ff8ac9c8000 	C:\Windows\System32\NSI.dll
0x00007ff8a95a0000 - 0x00007ff8a95da000 	C:\Windows\SYSTEM32\IPHLPAPI.DLL
0x00007ff890980000 - 0x00007ff89098e000 	C:\Windows\System32\winrnr.dll
0x00007ff8a16c0000 - 0x00007ff8a16dc000 	C:\Windows\system32\NLAapi.dll
0x00007ff8a2720000 - 0x00007ff8a2735000 	C:\Windows\system32\wshbth.dll
0x00007ff89e8f0000 - 0x00007ff89e8fa000 	C:\Windows\System32\rasadhlp.dll
0x00007ff8a1b90000 - 0x00007ff8a1c07000 	C:\Windows\System32\fwpuclnt.dll
0x00007ff8aa9d0000 - 0x00007ff8aa9f6000 	C:\Windows\System32\bcrypt.dll
0x00007ff888390000 - 0x00007ff8883a2000 	C:\Program Files\Java\jre1.8.0_241\bin\nio.dll

VM Arguments:
jvm_args: -Dfile.encoding=UTF-8 
java_command: com.linenha.agendamento.AgendamentodefotosApplication
java_class_path (initial): C:\Users\Thaysa Magalhães\Desktop\Thaysa\Faculdade\React\agendamento\target\classes;C:\Users\Thaysa Magalhães\Desktop\eclipse\plugins\org.junit_4.13.0.v20200204-1500.jar;C:\Users\Thaysa Magalhães\Desktop\eclipse\plugins\org.hamcrest.core_1.3.0.v20180420-1519.jar;C:\Users\Thaysa Magalhães\Desktop\lombok.jar;C:\Users\Thaysa Magalhães\.m2\repository\org\springframework\boot\spring-boot-starter\2.1.8.RELEASE\spring-boot-starter-2.1.8.RELEASE.jar;C:\Users\Thaysa Magalhães\.m2\repository\org\springframework\boot\spring-boot\2.1.8.RELEASE\spring-boot-2.1.8.RELEASE.jar;C:\Users\Thaysa Magalhães\.m2\repository\org\springframework\spring-context\5.1.9.RELEASE\spring-context-5.1.9.RELEASE.jar;C:\Users\Thaysa Magalhães\.m2\repository\org\springframework\boot\spring-boot-autoconfigure\2.1.8.RELEASE\spring-boot-autoconfigure-2.1.8.RELEASE.jar;C:\Users\Thaysa Magalhães\.m2\repository\org\springframework\boot\spring-boot-starter-logging\2.1.8.RELEASE\spring-boot-starter-logging-2.1.8.RELEASE.jar;C:\Users\Thaysa Magalhães\.m2\repository\ch\qos\logback\logback-classic\1.2.3\logback-classic-1.2.3.jar;C:\Users\Thaysa Magalhães\.m2\repository\ch\qos\logback\logback-core\1.2.3\logback-core-1.2.3.jar;C:\Users\Thaysa Magalhães\.m2\repository\org\apache\logging\log4j\log4j-to-slf4j\2.11.2\log4j-to-slf4j-2.11.2.jar;C:\Users\Thaysa Magalhães\.m2\repository\org\apache\logging\log4j\log4j-api\2.11.2\log4j-api-2.11.2.jar;C:\Users\Thaysa Magalhães\.m2\repository\org\slf4j\jul-to-slf4j\1.7.28\jul-to-slf4j-1.7.28.jar;C:\Users\Thaysa Magalhães\.m2\repository\javax\annotation\javax.annotation-api\1.3.2\javax.annotation-api-1.3.2.jar;C:\Users\Thaysa Magalhães\.m2\repository\org\springframework\spring-core\5.1.9.RELEASE\spring-core-5.1.9.RELEASE.jar;C:\Users\Thaysa Magalhães\.m2\repository\org\springframework\spring-jcl\5.1.9.RELEASE\spring-jcl-5.1.9.RELEASE.jar;C:\Users\Thaysa Magalhães\.m2\repository\org\yaml\snakeyaml\1.23\snakeyaml-1.23.jar;C:\Users\Thaysa Magalhães\.m2
Launcher Type: SUN_STANDARD

Environment Variables:
PATH=C:/Program Files/Java/jre1.8.0_241/bin/server;C:/Program Files/Java/jre1.8.0_241/bin;C:/Program Files/Java/jre1.8.0_241/lib/amd64;C:\Program Files (x86)\Common Files\Oracle\Java\javapath;C:\Windows\system32;C:\Windows;C:\Windows\System32\Wbem;C:\Windows\System32\WindowsPowerShell\v1.0\;C:\Windows\System32\OpenSSH\;C:\Program Files\NVIDIA Corporation\NVIDIA NvDLISR;C:\Program Files\nodejs\;C:\Program Files\Git\cmd;C:\Program Files (x86)\NVIDIA Corporation\PhysX\Common;C:\Users\Thaysa Magalhães\AppData\Local\Programs\Python\Python38-32\Scripts\;C:\Users\Thaysa Magalhães\AppData\Local\Programs\Python\Python38-32\;C:\Users\Thaysa Magalhães\AppData\Local\Programs\Python\Launcher\;C:\Users\Thaysa Magalhães\AppData\Local\Microsoft\WindowsApps;C:\Users\Thaysa Magalhães\AppData\Local\Programs\Microsoft VS Code\bin;C:\Users\Thaysa Magalhães\AppData\Roaming\npm;C:\MinGW\bin;;C:\Users\Thaysa Magalhães\Desktop\eclipse;
USERNAME=Thaysa Magalhães
OS=Windows_NT
PROCESSOR_IDENTIFIER=Intel64 Family 6 Model 142 Stepping 9, GenuineIntel



---------------  S Y S T E M  ---------------

OS: Windows 10.0 , 64 bit Build 18362 (10.0.18362.900)

CPU:total 4 (initial active 4) (2 cores per cpu, 2 threads per core) family 6 model 142 stepping 9, cmov, cx8, fxsr, mmx, sse, sse2, sse3, ssse3, sse4.1, sse4.2, popcnt, avx, avx2, aes, clmul, erms, 3dnowpref, lzcnt, ht, tsc, tscinvbit, bmi1, bmi2, adx

Memory: 4k page, physical 8261220k(1191424k free), swap 10210916k(25120k free)

vm_info: Java HotSpot(TM) 64-Bit Server VM (25.241-b07) for windows-amd64 JRE (1.8.0_241-b07), built on Dec 11 2019 10:21:40 by "rejava" with MS VC++ 10.0 (VS2010)

time: Mon Jun 15 18:45:42 2020
timezone: Hora oficial do Brasil
elapsed time: 1 seconds (0d 0h 0m 1s)

