#
# There is insufficient memory for the Java Runtime Environment to continue.
# Native memory allocation (malloc) failed to allocate 444256 bytes for Chunk::new
# Possible reasons:
#   The system is out of physical RAM or swap space
#   The process is running with CompressedOops enabled, and the Java Heap may be blocking the growth of the native heap
# Possible solutions:
#   Reduce memory load on the system
#   Increase physical memory or swap space
#   Check if swap backing store is full
#   Decrease Java heap size (-Xmx/-Xms)
#   Decrease number of Java threads
#   Decrease Java thread stack sizes (-Xss)
#   Set larger code cache with -XX:ReservedCodeCacheSize=
#   JVM is running with Unscaled Compressed Oops mode in which the Java heap is
#     placed in the first 4GB address space. The Java Heap base address is the
#     maximum limit for the native heap growth. Please use -XX:HeapBaseMinAddress
#     to set the Java Heap base and to place the Java Heap above 4GB virtual address.
# This output file may be truncated or incomplete.
#
#  Out of Memory Error (allocation.cpp:389), pid=4544, tid=0x0000000000002b54
#
# JRE version: Java(TM) SE Runtime Environment (8.0_241-b07) (build 1.8.0_241-b07)
# Java VM: Java HotSpot(TM) 64-Bit Server VM (25.241-b07 mixed mode windows-amd64 compressed oops)
# Failed to write core dump. Minidumps are not enabled by default on client versions of Windows
#

---------------  T H R E A D  ---------------

Current thread (0x0000000017646800):  JavaThread "C2 CompilerThread0" daemon [_thread_in_native, id=11092, stack(0x0000000018ca0000,0x0000000018da0000)]

Stack: [0x0000000018ca0000,0x0000000018da0000]
[error occurred during error reporting (printing stack bounds), id 0xc0000005]

Native frames: (J=compiled Java code, j=interpreted, Vv=VM code, C=native code)


Current CompileTask:
C2:   3445 1181   !   4       java.net.URL::<init> (543 bytes)


---------------  P R O C E S S  ---------------

Java Threads: ( => current thread )
  0x0000000019d66000 JavaThread "background-preinit" [_thread_in_native, id=4692, stack(0x000000001b0d0000,0x000000001b1d0000)]
  0x0000000019c91800 JavaThread "restartedMain" [_thread_blocked, id=7944, stack(0x000000001a000000,0x000000001a100000)]
  0x0000000019c96800 JavaThread "Thread-0" [_thread_blocked, id=13248, stack(0x0000000019f00000,0x000000001a000000)]
  0x0000000018fd0800 JavaThread "Service Thread" daemon [_thread_blocked, id=12424, stack(0x00000000193a0000,0x00000000194a0000)]
  0x0000000017655000 JavaThread "C1 CompilerThread2" daemon [_thread_blocked, id=10044, stack(0x0000000018ea0000,0x0000000018fa0000)]
  0x0000000017649000 JavaThread "C2 CompilerThread1" daemon [_thread_blocked, id=12664, stack(0x0000000018da0000,0x0000000018ea0000)]
=>0x0000000017646800 JavaThread "C2 CompilerThread0" daemon [_thread_in_native, id=11092, stack(0x0000000018ca0000,0x0000000018da0000)]
  0x0000000017643000 JavaThread "Attach Listener" daemon [_thread_blocked, id=11004, stack(0x0000000018ba0000,0x0000000018ca0000)]
  0x0000000017642800 JavaThread "Signal Dispatcher" daemon [_thread_blocked, id=10012, stack(0x0000000018aa0000,0x0000000018ba0000)]
  0x0000000017630000 JavaThread "Finalizer" daemon [_thread_blocked, id=5744, stack(0x0000000018890000,0x0000000018990000)]
  0x0000000002b15000 JavaThread "Reference Handler" daemon [_thread_blocked, id=8540, stack(0x0000000018790000,0x0000000018890000)]
  0x0000000002a24800 JavaThread "main" [_thread_blocked, id=9792, stack(0x0000000002920000,0x0000000002a20000)]

Other Threads:
  0x0000000017608000 VMThread [stack: 0x0000000018690000,0x0000000018790000] [id=6292]
  0x0000000018ffb000 WatcherThread [stack: 0x0000000019600000,0x0000000019700000] [id=13172]

VM state:not at safepoint (normal execution)

VM Mutex/Monitor currently owned by a thread: None

heap address: 0x0000000081e00000, size: 2018 MB, Compressed Oops mode: 32-bit
Narrow klass base: 0x0000000000000000, Narrow klass shift: 3
Compressed class space size: 1073741824 Address: 0x0000000100000000

Heap:
 PSYoungGen      total 38400K, used 31973K [0x00000000d5f80000, 0x00000000d8a00000, 0x0000000100000000)
  eden space 33280K, 96% used [0x00000000d5f80000,0x00000000d7eb9790,0x00000000d8000000)
  from space 5120K, 0% used [0x00000000d8500000,0x00000000d8500000,0x00000000d8a00000)
  to   space 5120K, 0% used [0x00000000d8000000,0x00000000d8000000,0x00000000d8500000)
 ParOldGen       total 50688K, used 4114K [0x0000000081e00000, 0x0000000084f80000, 0x00000000d5f80000)
  object space 50688K, 8% used [0x0000000081e00000,0x0000000082204998,0x0000000084f80000)
 Metaspace       used 19342K, capacity 19836K, committed 20096K, reserved 1073152K
  class space    used 2497K, capacity 2631K, committed 2688K, reserved 1048576K

Card table byte_map: [0x0000000011ee0000,0x00000000122e0000] byte_map_base: 0x0000000011ad1000

Marking Bits: (ParMarkBitMap*) 0x000000005c6abe30
 Begin Bits: [0x0000000012990000, 0x0000000014918000)
 End Bits:   [0x0000000014918000, 0x00000000168a0000)

Polling page: 0x00000000007d0000

CodeCache: size=245760Kb used=5019Kb max_used=5046Kb free=240741Kb
 bounds [0x0000000002b20000, 0x0000000003010000, 0x0000000011b20000]
 total_blobs=1863 nmethods=1501 adapters=274
 compilation: enabled

Compilation events (10 events):
Event: 1.317 Thread 0x0000000017655000 1205       3       java.util.HashMap::getNode (148 bytes)
Event: 1.318 Thread 0x0000000017655000 nmethod 1205 0x0000000002f2bc10 code [0x0000000002f2bde0, 0x0000000002f2c788]
Event: 1.318 Thread 0x0000000017655000 1206       1       java.lang.Class::getAnnotationType (5 bytes)
Event: 1.318 Thread 0x0000000017655000 nmethod 1206 0x0000000002f27c10 code [0x0000000002f27d60, 0x0000000002f27e70]
Event: 1.318 Thread 0x0000000017655000 1207       3       java.lang.reflect.Constructor::newInstance (87 bytes)
Event: 1.319 Thread 0x0000000017655000 nmethod 1207 0x0000000002f2ca50 code [0x0000000002f2cc40, 0x0000000002f2d368]
Event: 1.320 Thread 0x0000000017655000 1208   !   3       sun.misc.URLClassPath$JarLoader::getResource (353 bytes)
Event: 1.322 Thread 0x0000000017655000 nmethod 1208 0x0000000002f2d5d0 code [0x0000000002f2d9e0, 0x0000000002f2f768]
Event: 1.322 Thread 0x0000000017655000 1209       3       java.lang.Class::checkInitted (19 bytes)
Event: 1.322 Thread 0x0000000017655000 nmethod 1209 0x0000000002f31250 code [0x0000000002f313c0, 0x0000000002f31688]

GC Heap History (6 events):
Event: 0.896 GC heap before
{Heap before GC invocations=1 (full 0):
 PSYoungGen      total 38400K, used 33280K [0x00000000d5f80000, 0x00000000d8a00000, 0x0000000100000000)
  eden space 33280K, 100% used [0x00000000d5f80000,0x00000000d8000000,0x00000000d8000000)
  from space 5120K, 0% used [0x00000000d8500000,0x00000000d8500000,0x00000000d8a00000)
  to   space 5120K, 0% used [0x00000000d8000000,0x00000000d8000000,0x00000000d8500000)
 ParOldGen       total 87552K, used 0K [0x0000000081e00000, 0x0000000087380000, 0x00000000d5f80000)
  object space 87552K, 0% used [0x0000000081e00000,0x0000000081e00000,0x0000000087380000)
 Metaspace       used 6779K, capacity 6950K, committed 7040K, reserved 1056768K
  class space    used 784K, capacity 835K, committed 896K, reserved 1048576K
Event: 0.900 GC heap after
Heap after GC invocations=1 (full 0):
 PSYoungGen      total 38400K, used 4185K [0x00000000d5f80000, 0x00000000d8a00000, 0x0000000100000000)
  eden space 33280K, 0% used [0x00000000d5f80000,0x00000000d5f80000,0x00000000d8000000)
  from space 5120K, 81% used [0x00000000d8000000,0x00000000d8416548,0x00000000d8500000)
  to   space 5120K, 0% used [0x00000000d8500000,0x00000000d8500000,0x00000000d8a00000)
 ParOldGen       total 87552K, used 16K [0x0000000081e00000, 0x0000000087380000, 0x00000000d5f80000)
  object space 87552K, 0% used [0x0000000081e00000,0x0000000081e04000,0x0000000087380000)
 Metaspace       used 6779K, capacity 6950K, committed 7040K, reserved 1056768K
  class space    used 784K, capacity 835K, committed 896K, reserved 1048576K
}
Event: 1.075 GC heap before
{Heap before GC invocations=2 (full 0):
 PSYoungGen      total 38400K, used 37465K [0x00000000d5f80000, 0x00000000d8a00000, 0x0000000100000000)
  eden space 33280K, 100% used [0x00000000d5f80000,0x00000000d8000000,0x00000000d8000000)
  from space 5120K, 81% used [0x00000000d8000000,0x00000000d8416548,0x00000000d8500000)
  to   space 5120K, 0% used [0x00000000d8500000,0x00000000d8500000,0x00000000d8a00000)
 ParOldGen       total 87552K, used 16K [0x0000000081e00000, 0x0000000087380000, 0x00000000d5f80000)
  object space 87552K, 0% used [0x0000000081e00000,0x0000000081e04000,0x0000000087380000)
 Metaspace       used 9571K, capacity 9820K, committed 9984K, reserved 1058816K
  class space    used 1121K, capacity 1189K, committed 1280K, reserved 1048576K
Event: 1.079 GC heap after
Heap after GC invocations=2 (full 0):
 PSYoungGen      total 38400K, used 3831K [0x00000000d5f80000, 0x00000000d8a00000, 0x0000000100000000)
  eden space 33280K, 0% used [0x00000000d5f80000,0x00000000d5f80000,0x00000000d8000000)
  from space 5120K, 74% used [0x00000000d8500000,0x00000000d88bdd88,0x00000000d8a00000)
  to   space 5120K, 0% used [0x00000000d8000000,0x00000000d8000000,0x00000000d8500000)
 ParOldGen       total 87552K, used 24K [0x0000000081e00000, 0x0000000087380000, 0x00000000d5f80000)
  object space 87552K, 0% used [0x0000000081e00000,0x0000000081e06000,0x0000000087380000)
 Metaspace       used 9571K, capacity 9820K, committed 9984K, reserved 1058816K
  class space    used 1121K, capacity 1189K, committed 1280K, reserved 1048576K
}
Event: 1.322 GC heap before
{Heap before GC invocations=3 (full 0):
 PSYoungGen      total 38400K, used 37111K [0x00000000d5f80000, 0x00000000d8a00000, 0x0000000100000000)
  eden space 33280K, 100% used [0x00000000d5f80000,0x00000000d8000000,0x00000000d8000000)
  from space 5120K, 74% used [0x00000000d8500000,0x00000000d88bdd88,0x00000000d8a00000)
  to   space 5120K, 0% used [0x00000000d8000000,0x00000000d8000000,0x00000000d8500000)
 ParOldGen       total 87552K, used 24K [0x0000000081e00000, 0x0000000087380000, 0x00000000d5f80000)
  object space 87552K, 0% used [0x0000000081e00000,0x0000000081e06000,0x0000000087380000)
 Metaspace       used 13579K, capacity 14022K, committed 14336K, reserved 1062912K
  class space    used 1791K, capacity 1936K, committed 2048K, reserved 1048576K
Event: 1.330 GC heap after
Heap after GC invocations=3 (full 0):
 PSYoungGen      total 38400K, used 5093K [0x00000000d5f80000, 0x00000000d8a00000, 0x0000000100000000)
  eden space 33280K, 0% used [0x00000000d5f80000,0x00000000d5f80000,0x00000000d8000000)
  from space 5120K, 99% used [0x00000000d8000000,0x00000000d84f95c8,0x00000000d8500000)
  to   space 5120K, 0% used [0x00000000d8500000,0x00000000d8500000,0x00000000d8a00000)
 ParOldGen       total 87552K, used 1039K [0x0000000081e00000, 0x0000000087380000, 0x00000000d5f80000)
  object space 87552K, 1% used [0x0000000081e00000,0x0000000081f03f08,0x0000000087380000)
 Metaspace       used 13579K, capacity 14022K, committed 14336K, reserved 1062912K
  class space    used 1791K, capacity 1936K, committed 2048K, reserved 1048576K
}

Deoptimization events (8 events):
Event: 0.918 Thread 0x0000000019c91800 Uncommon trap: reason=class_check action=maybe_recompile pc=0x0000000002d6e0cc method=sun.misc.URLClassPath.getLoader(I)Lsun/misc/URLClassPath$Loader; @ 94
Event: 0.950 Thread 0x0000000019c91800 Uncommon trap: reason=unstable_if action=reinterpret pc=0x0000000002cd3b38 method=java.lang.String.indexOf([CII[CIII)I @ 3
Event: 0.962 Thread 0x0000000019d66000 Uncommon trap: reason=range_check action=make_not_entrant pc=0x0000000002d93060 method=sun.reflect.generics.parser.SignatureParser.current()C @ 34
Event: 1.141 Thread 0x0000000019c91800 Uncommon trap: reason=unstable_if action=reinterpret pc=0x0000000002de4e28 method=java.util.HashMap.hash(Ljava/lang/Object;)I @ 1
Event: 1.302 Thread 0x0000000019c91800 Uncommon trap: reason=unstable_if action=reinterpret pc=0x0000000002f2041c method=java.util.concurrent.ConcurrentHashMap.addCount(JI)V @ 168
Event: 1.316 Thread 0x0000000019c91800 Uncommon trap: reason=unstable_if action=reinterpret pc=0x0000000002e104c0 method=java.util.HashMap.getNode(ILjava/lang/Object;)Ljava/util/HashMap$Node; @ 129
Event: 1.316 Thread 0x0000000019c91800 Uncommon trap: reason=unstable_if action=reinterpret pc=0x0000000002ecdfd4 method=java.util.HashMap.putVal(ILjava/lang/Object;Ljava/lang/Object;ZZ)Ljava/lang/Object; @ 181
Event: 1.317 Thread 0x0000000019c91800 Uncommon trap: reason=unstable_if action=reinterpret pc=0x0000000002dec07c method=java.util.HashMap.getNode(ILjava/lang/Object;)Ljava/util/HashMap$Node; @ 129

Classes redefined (0 events):
No events

Internal exceptions (10 events):
Event: 0.976 Thread 0x0000000019d66000 Exception <a 'java/lang/ArrayIndexOutOfBoundsException'> (0x00000000d789f168) thrown at [C:\ade\jenkins\workspace\8-2-build-windows-amd64-cygwin\jdk8u241\331\hotspot\src\share\vm\runtime\sharedRuntime.cpp, line 605]
Event: 0.975 Thread 0x0000000019c91800 Exception <a 'java/lang/ArrayIndexOutOfBoundsException'> (0x00000000d7863e48) thrown at [C:\ade\jenkins\workspace\8-2-build-windows-amd64-cygwin\jdk8u241\331\hotspot\src\share\vm\runtime\sharedRuntime.cpp, line 605]
Event: 0.976 Thread 0x0000000019d66000 Exception <a 'java/lang/ArrayIndexOutOfBoundsException'> (0x00000000d78a6468) thrown at [C:\ade\jenkins\workspace\8-2-build-windows-amd64-cygwin\jdk8u241\331\hotspot\src\share\vm\runtime\sharedRuntime.cpp, line 605]
Event: 0.977 Thread 0x0000000019d66000 Exception <a 'java/lang/ArrayIndexOutOfBoundsException'> (0x00000000d78ad890) thrown at [C:\ade\jenkins\workspace\8-2-build-windows-amd64-cygwin\jdk8u241\331\hotspot\src\share\vm\runtime\sharedRuntime.cpp, line 605]
Event: 0.977 Thread 0x0000000019d66000 Exception <a 'java/lang/ArrayIndexOutOfBoundsException'> (0x00000000d78b4bf8) thrown at [C:\ade\jenkins\workspace\8-2-build-windows-amd64-cygwin\jdk8u241\331\hotspot\src\share\vm\runtime\sharedRuntime.cpp, line 605]
Event: 0.978 Thread 0x0000000019d66000 Exception <a 'java/lang/ArrayIndexOutOfBoundsException'> (0x00000000d78bcd20) thrown at [C:\ade\jenkins\workspace\8-2-build-windows-amd64-cygwin\jdk8u241\331\hotspot\src\share\vm\runtime\sharedRuntime.cpp, line 605]
Event: 0.979 Thread 0x0000000019d66000 Exception <a 'java/lang/ArrayIndexOutOfBoundsException'> (0x00000000d78c4b60) thrown at [C:\ade\jenkins\workspace\8-2-build-windows-amd64-cygwin\jdk8u241\331\hotspot\src\share\vm\runtime\sharedRuntime.cpp, line 605]
Event: 0.980 Thread 0x0000000019c91800 Exception <a 'java/lang/ArrayIndexOutOfBoundsException'> (0x00000000d78669a8) thrown at [C:\ade\jenkins\workspace\8-2-build-windows-amd64-cygwin\jdk8u241\331\hotspot\src\share\vm\runtime\sharedRuntime.cpp, line 605]
Event: 1.085 Thread 0x0000000019c91800 Exception <a 'java/lang/NoSuchMethodError': java.lang.Object.lambda$chars$0()Ljava/util/Spliterator$OfInt;> (0x00000000d5fb5e10) thrown at [C:\ade\jenkins\workspace\8-2-build-windows-amd64-cygwin\jdk8u241\331\hotspot\src\share\vm\interpreter\linkResolver.
Event: 1.141 Thread 0x0000000019c91800 Implicit null exception at 0x0000000002de4daf to 0x0000000002de4e19

Events (10 events):
Event: 1.320 loading class org/springframework/core/type/classreading/SimpleMetadataReaderFactory
Event: 1.320 loading class org/springframework/core/type/classreading/SimpleMetadataReaderFactory done
Event: 1.320 loading class org/springframework/core/type/classreading/MetadataReader
Event: 1.320 loading class org/springframework/core/type/classreading/MetadataReader done
Event: 1.321 loading class org/springframework/context/index/CandidateComponentsIndexLoader
Event: 1.321 loading class org/springframework/context/index/CandidateComponentsIndexLoader done
Event: 1.322 loading class org/hibernate/validator/internal/cfg/context/DefaultConstraintMapping
Event: 1.322 loading class org/hibernate/validator/internal/cfg/context/DefaultConstraintMapping done
Event: 1.322 Executing VM operation: ParallelGCFailedAllocation
Event: 1.330 Executing VM operation: ParallelGCFailedAllocation done


Dynamic libraries:
0x00007ff7b19d0000 - 0x00007ff7b1a07000 	C:\Program Files\Java\jre1.8.0_241\bin\javaw.exe
0x00007ff8ad1c0000 - 0x00007ff8ad3b0000 	C:\Windows\SYSTEM32\ntdll.dll
0x00007ff8ac750000 - 0x00007ff8ac802000 	C:\Windows\System32\KERNEL32.DLL
0x00007ff8aa530000 - 0x00007ff8aa7d4000 	C:\Windows\System32\KERNELBASE.dll
0x00007ff8ac1c0000 - 0x00007ff8ac263000 	C:\Windows\System32\ADVAPI32.dll
0x00007ff8ab340000 - 0x00007ff8ab3de000 	C:\Windows\System32\msvcrt.dll
0x00007ff8acd70000 - 0x00007ff8ace07000 	C:\Windows\System32\sechost.dll
0x00007ff8ad060000 - 0x00007ff8ad180000 	C:\Windows\System32\RPCRT4.dll
0x00007ff8acec0000 - 0x00007ff8ad054000 	C:\Windows\System32\USER32.dll
0x00007ff8aa350000 - 0x00007ff8aa371000 	C:\Windows\System32\win32u.dll
0x00007ff8acbe0000 - 0x00007ff8acc06000 	C:\Windows\System32\GDI32.dll
0x00007ff8aa150000 - 0x00007ff8aa2e5000 	C:\Windows\System32\gdi32full.dll
0x00007ff8aa930000 - 0x00007ff8aa9ce000 	C:\Windows\System32\msvcp_win.dll
0x00007ff8aa430000 - 0x00007ff8aa52a000 	C:\Windows\System32\ucrtbase.dll
0x00007ff890500000 - 0x00007ff890784000 	C:\Windows\WinSxS\amd64_microsoft.windows.common-controls_6595b64144ccf1df_6.0.18362.900_none_e6beb9d913147d17\COMCTL32.dll
0x00007ff8abb20000 - 0x00007ff8abe55000 	C:\Windows\System32\combase.dll
0x00007ff8aaa50000 - 0x00007ff8aaad0000 	C:\Windows\System32\bcryptPrimitives.dll
0x00007ff8ab3e0000 - 0x00007ff8ab40e000 	C:\Windows\System32\IMM32.DLL
0x000000005c9d0000 - 0x000000005caa2000 	C:\Program Files\Java\jre1.8.0_241\bin\msvcr100.dll
0x000000005be80000 - 0x000000005c72c000 	C:\Program Files\Java\jre1.8.0_241\bin\server\jvm.dll
0x00007ff8ac8e0000 - 0x00007ff8ac8e8000 	C:\Windows\System32\PSAPI.DLL
0x00007ff89dbf0000 - 0x00007ff89dc14000 	C:\Windows\SYSTEM32\WINMM.dll
0x00007ff89c1a0000 - 0x00007ff89c1a9000 	C:\Windows\SYSTEM32\WSOCK32.dll
0x00007ff8ac020000 - 0x00007ff8ac08f000 	C:\Windows\System32\WS2_32.dll
0x00007ff8a2140000 - 0x00007ff8a214a000 	C:\Windows\SYSTEM32\VERSION.dll
0x00007ff89dbc0000 - 0x00007ff89dbed000 	C:\Windows\SYSTEM32\WINMMBASE.dll
0x00007ff8aaa00000 - 0x00007ff8aaa4a000 	C:\Windows\System32\cfgmgr32.dll
0x00007ff89c120000 - 0x00007ff89c12f000 	C:\Program Files\Java\jre1.8.0_241\bin\verify.dll
0x00007ff887f10000 - 0x00007ff887f39000 	C:\Program Files\Java\jre1.8.0_241\bin\java.dll
0x00007ff892d30000 - 0x00007ff892d46000 	C:\Program Files\Java\jre1.8.0_241\bin\zip.dll
0x00007ff8ab410000 - 0x00007ff8abaf6000 	C:\Windows\System32\SHELL32.dll
0x00007ff8ace10000 - 0x00007ff8aceb9000 	C:\Windows\System32\shcore.dll
0x00007ff8aaaf0000 - 0x00007ff8ab270000 	C:\Windows\System32\windows.storage.dll
0x00007ff8aa090000 - 0x00007ff8aa0b3000 	C:\Windows\System32\profapi.dll
0x00007ff8aa0c0000 - 0x00007ff8aa10a000 	C:\Windows\System32\powrprof.dll
0x00007ff8aa080000 - 0x00007ff8aa090000 	C:\Windows\System32\UMPDC.dll
0x00007ff8ac270000 - 0x00007ff8ac2c2000 	C:\Windows\System32\shlwapi.dll
0x00007ff8aa130000 - 0x00007ff8aa141000 	C:\Windows\System32\kernel.appcore.dll
0x00007ff8aaad0000 - 0x00007ff8aaae7000 	C:\Windows\System32\cryptsp.dll
0x00007ff89bf40000 - 0x00007ff89bf4d000 	C:\Program Files\Java\jre1.8.0_241\bin\management.dll
0x00007ff892c80000 - 0x00007ff892c9a000 	C:\Program Files\Java\jre1.8.0_241\bin\net.dll
0x00007ff8a9890000 - 0x00007ff8a98f7000 	C:\Windows\system32\mswsock.dll
0x00007ff87a9b0000 - 0x00007ff87a9c6000 	C:\Windows\system32\napinsp.dll
0x00007ff87a990000 - 0x00007ff87a9aa000 	C:\Windows\system32\pnrpnsp.dll
0x00007ff8a9630000 - 0x00007ff8a96fb000 	C:\Windows\SYSTEM32\DNSAPI.dll
0x00007ff8ac9c0000 - 0x00007ff8ac9c8000 	C:\Windows\System32\NSI.dll
0x00007ff8a95a0000 - 0x00007ff8a95da000 	C:\Windows\SYSTEM32\IPHLPAPI.DLL
0x00007ff890980000 - 0x00007ff89098e000 	C:\Windows\System32\winrnr.dll
0x00007ff8a16c0000 - 0x00007ff8a16dc000 	C:\Windows\system32\NLAapi.dll
0x00007ff8a2720000 - 0x00007ff8a2735000 	C:\Windows\system32\wshbth.dll
0x00007ff89e8f0000 - 0x00007ff89e8fa000 	C:\Windows\System32\rasadhlp.dll
0x00007ff8a1b90000 - 0x00007ff8a1c07000 	C:\Windows\System32\fwpuclnt.dll
0x00007ff8aa9d0000 - 0x00007ff8aa9f6000 	C:\Windows\System32\bcrypt.dll
0x00007ff892480000 - 0x00007ff892492000 	C:\Program Files\Java\jre1.8.0_241\bin\nio.dll

VM Arguments:
jvm_args: -Dfile.encoding=UTF-8 
java_command: com.linenha.agendamento.AgendamentodefotosApplication
java_class_path (initial): C:\Users\Thaysa Magalhães\Desktop\Thaysa\Faculdade\React\agendamento\target\classes;C:\Users\Thaysa Magalhães\Desktop\eclipse\plugins\org.junit_4.13.0.v20200204-1500.jar;C:\Users\Thaysa Magalhães\Desktop\eclipse\plugins\org.hamcrest.core_1.3.0.v20180420-1519.jar;C:\Users\Thaysa Magalhães\Desktop\lombok.jar;C:\Users\Thaysa Magalhães\.m2\repository\org\springframework\boot\spring-boot-starter\2.1.8.RELEASE\spring-boot-starter-2.1.8.RELEASE.jar;C:\Users\Thaysa Magalhães\.m2\repository\org\springframework\boot\spring-boot\2.1.8.RELEASE\spring-boot-2.1.8.RELEASE.jar;C:\Users\Thaysa Magalhães\.m2\repository\org\springframework\spring-context\5.1.9.RELEASE\spring-context-5.1.9.RELEASE.jar;C:\Users\Thaysa Magalhães\.m2\repository\org\springframework\boot\spring-boot-autoconfigure\2.1.8.RELEASE\spring-boot-autoconfigure-2.1.8.RELEASE.jar;C:\Users\Thaysa Magalhães\.m2\repository\org\springframework\boot\spring-boot-starter-logging\2.1.8.RELEASE\spring-boot-starter-logging-2.1.8.RELEASE.jar;C:\Users\Thaysa Magalhães\.m2\repository\ch\qos\logback\logback-classic\1.2.3\logback-classic-1.2.3.jar;C:\Users\Thaysa Magalhães\.m2\repository\ch\qos\logback\logback-core\1.2.3\logback-core-1.2.3.jar;C:\Users\Thaysa Magalhães\.m2\repository\org\apache\logging\log4j\log4j-to-slf4j\2.11.2\log4j-to-slf4j-2.11.2.jar;C:\Users\Thaysa Magalhães\.m2\repository\org\apache\logging\log4j\log4j-api\2.11.2\log4j-api-2.11.2.jar;C:\Users\Thaysa Magalhães\.m2\repository\org\slf4j\jul-to-slf4j\1.7.28\jul-to-slf4j-1.7.28.jar;C:\Users\Thaysa Magalhães\.m2\repository\javax\annotation\javax.annotation-api\1.3.2\javax.annotation-api-1.3.2.jar;C:\Users\Thaysa Magalhães\.m2\repository\org\springframework\spring-core\5.1.9.RELEASE\spring-core-5.1.9.RELEASE.jar;C:\Users\Thaysa Magalhães\.m2\repository\org\springframework\spring-jcl\5.1.9.RELEASE\spring-jcl-5.1.9.RELEASE.jar;C:\Users\Thaysa Magalhães\.m2\repository\org\yaml\snakeyaml\1.23\snakeyaml-1.23.jar;C:\Users\Thaysa Magalhães\.m2
Launcher Type: SUN_STANDARD

Environment Variables:
PATH=C:/Program Files/Java/jre1.8.0_241/bin/server;C:/Program Files/Java/jre1.8.0_241/bin;C:/Program Files/Java/jre1.8.0_241/lib/amd64;C:\Program Files (x86)\Common Files\Oracle\Java\javapath;C:\Windows\system32;C:\Windows;C:\Windows\System32\Wbem;C:\Windows\System32\WindowsPowerShell\v1.0\;C:\Windows\System32\OpenSSH\;C:\Program Files\NVIDIA Corporation\NVIDIA NvDLISR;C:\Program Files\nodejs\;C:\Program Files\Git\cmd;C:\Program Files (x86)\NVIDIA Corporation\PhysX\Common;C:\Users\Thaysa Magalhães\AppData\Local\Programs\Python\Python38-32\Scripts\;C:\Users\Thaysa Magalhães\AppData\Local\Programs\Python\Python38-32\;C:\Users\Thaysa Magalhães\AppData\Local\Programs\Python\Launcher\;C:\Users\Thaysa Magalhães\AppData\Local\Microsoft\WindowsApps;C:\Users\Thaysa Magalhães\AppData\Local\Programs\Microsoft VS Code\bin;C:\Users\Thaysa Magalhães\AppData\Roaming\npm;C:\MinGW\bin;;C:\Users\Thaysa Magalhães\Desktop\eclipse;
USERNAME=Thaysa Magalhães
OS=Windows_NT
PROCESSOR_IDENTIFIER=Intel64 Family 6 Model 142 Stepping 9, GenuineIntel



---------------  S Y S T E M  ---------------

OS: Windows 10.0 , 64 bit Build 18362 (10.0.18362.900)

CPU:total 4 (initial active 4) (2 cores per cpu, 2 threads per core) family 6 model 142 stepping 9, cmov, cx8, fxsr, mmx, sse, sse2, sse3, ssse3, sse4.1, sse4.2, popcnt, avx, avx2, aes, clmul, erms, 3dnowpref, lzcnt, ht, tsc, tscinvbit, bmi1, bmi2, adx

Memory: 4k page, physical 8261220k(1168720k free), swap 10210916k(24976k free)

vm_info: Java HotSpot(TM) 64-Bit Server VM (25.241-b07) for windows-amd64 JRE (1.8.0_241-b07), built on Dec 11 2019 10:21:40 by "rejava" with MS VC++ 10.0 (VS2010)

time: Mon Jun 15 19:02:56 2020
timezone: Hora oficial do Brasil
elapsed time: 3 seconds (0d 0h 0m 3s)

