#
# There is insufficient memory for the Java Runtime Environment to continue.
# Native memory allocation (malloc) failed to allocate 86144 bytes for Chunk::new
# Possible reasons:
#   The system is out of physical RAM or swap space
#   The process is running with CompressedOops enabled, and the Java Heap may be blocking the growth of the native heap
# Possible solutions:
#   Reduce memory load on the system
#   Increase physical memory or swap space
#   Check if swap backing store is full
#   Decrease Java heap size (-Xmx/-Xms)
#   Decrease number of Java threads
#   Decrease Java thread stack sizes (-Xss)
#   Set larger code cache with -XX:ReservedCodeCacheSize=
#   JVM is running with Unscaled Compressed Oops mode in which the Java heap is
#     placed in the first 4GB address space. The Java Heap base address is the
#     maximum limit for the native heap growth. Please use -XX:HeapBaseMinAddress
#     to set the Java Heap base and to place the Java Heap above 4GB virtual address.
# This output file may be truncated or incomplete.
#
#  Out of Memory Error (allocation.cpp:389), pid=2588, tid=0x00000000000027b8
#
# JRE version: Java(TM) SE Runtime Environment (8.0_241-b07) (build 1.8.0_241-b07)
# Java VM: Java HotSpot(TM) 64-Bit Server VM (25.241-b07 mixed mode windows-amd64 compressed oops)
# Failed to write core dump. Minidumps are not enabled by default on client versions of Windows
#

---------------  T H R E A D  ---------------

Current thread (0x0000000016fc6800):  JavaThread "C2 CompilerThread0" daemon [_thread_in_native, id=10168, stack(0x0000000018640000,0x0000000018740000)]

Stack: [0x0000000018640000,0x0000000018740000]
[error occurred during error reporting (printing stack bounds), id 0xc0000005]

Native frames: (J=compiled Java code, j=interpreted, Vv=VM code, C=native code)


Current CompileTask:
C2:    579  725 %     4       sun.net.www.ParseUtil::encodePath @ 29 (336 bytes)


---------------  P R O C E S S  ---------------

Java Threads: ( => current thread )
  0x0000000019667000 JavaThread "background-preinit" [_thread_in_vm, id=13148, stack(0x000000001aa70000,0x000000001ab70000)]
  0x0000000019666800 JavaThread "restartedMain" [_thread_in_vm, id=11472, stack(0x00000000199a0000,0x0000000019aa0000)]
  0x0000000019833800 JavaThread "Thread-0" [_thread_blocked, id=6328, stack(0x00000000198a0000,0x00000000199a0000)]
  0x0000000018975000 JavaThread "Service Thread" daemon [_thread_blocked, id=6496, stack(0x0000000018d40000,0x0000000018e40000)]
  0x0000000016fd2000 JavaThread "C1 CompilerThread2" daemon [_thread_in_native, id=9324, stack(0x0000000018840000,0x0000000018940000)]
  0x0000000016fcc800 JavaThread "C2 CompilerThread1" daemon [_thread_in_native, id=12544, stack(0x0000000018740000,0x0000000018840000)]
=>0x0000000016fc6800 JavaThread "C2 CompilerThread0" daemon [_thread_in_native, id=10168, stack(0x0000000018640000,0x0000000018740000)]
  0x0000000016fc3000 JavaThread "Attach Listener" daemon [_thread_blocked, id=10576, stack(0x0000000018540000,0x0000000018640000)]
  0x0000000016fc2000 JavaThread "Signal Dispatcher" daemon [_thread_blocked, id=7900, stack(0x0000000018440000,0x0000000018540000)]
  0x0000000016fb0000 JavaThread "Finalizer" daemon [_thread_blocked, id=12536, stack(0x0000000018230000,0x0000000018330000)]
  0x0000000002494800 JavaThread "Reference Handler" daemon [_thread_blocked, id=12136, stack(0x0000000018130000,0x0000000018230000)]
  0x00000000023a4800 JavaThread "main" [_thread_blocked, id=3716, stack(0x00000000021c0000,0x00000000022c0000)]

Other Threads:
  0x0000000016f88000 VMThread [stack: 0x0000000018030000,0x0000000018130000] [id=5960]
  0x000000001899f800 WatcherThread [stack: 0x0000000018fa0000,0x00000000190a0000] [id=10808]

VM state:not at safepoint (normal execution)

VM Mutex/Monitor currently owned by a thread:  ([mutex/lock_event])
[0x00000000023988b0] CodeCache_lock - owner thread: 0x0000000016fd2000
[0x00000000023a35e0] Compile_lock - owner thread: 0x0000000016fd2000

heap address: 0x0000000081e00000, size: 2018 MB, Compressed Oops mode: 32-bit
Narrow klass base: 0x0000000000000000, Narrow klass shift: 3
Compressed class space size: 1073741824 Address: 0x0000000100000000

Heap:
 PSYoungGen      total 38400K, used 29861K [0x00000000d5f80000, 0x00000000d8a00000, 0x0000000100000000)
  eden space 33280K, 77% used [0x00000000d5f80000,0x00000000d7896550,0x00000000d8000000)
  from space 5120K, 81% used [0x00000000d8000000,0x00000000d8413070,0x00000000d8500000)
  to   space 5120K, 0% used [0x00000000d8500000,0x00000000d8500000,0x00000000d8a00000)
 ParOldGen       total 87552K, used 16K [0x0000000081e00000, 0x0000000087380000, 0x00000000d5f80000)
  object space 87552K, 0% used [0x0000000081e00000,0x0000000081e04000,0x0000000087380000)
 Metaspace       used 7865K, capacity 8132K, committed 8192K, reserved 1056768K
  class space    used 948K, capacity 1013K, committed 1024K, reserved 1048576K

Card table byte_map: [0x0000000011860000,0x0000000011c60000] byte_map_base: 0x0000000011451000

Marking Bits: (ParMarkBitMap*) 0x000000005c6abe30
 Begin Bits: [0x0000000012310000, 0x0000000014298000)
 End Bits:   [0x0000000014298000, 0x0000000016220000)

Polling page: 0x0000000000980000

CodeCache: size=245760Kb used=2958Kb max_used=2958Kb free=242801Kb
 bounds [0x00000000024a0000, 0x0000000002790000, 0x00000000114a0000]
 total_blobs=1027 nmethods=729 adapters=211
 compilation: enabled

Compilation events (10 events):
Event: 0.564 Thread 0x0000000016fd2000 nmethod 724 0x000000000277a8d0 code [0x000000000277aaa0, 0x000000000277b358]
Event: 0.571 Thread 0x0000000016fd2000  727       3       java.lang.StringBuilder::<init> (18 bytes)
Event: 0.572 Thread 0x0000000016fd2000 nmethod 727 0x000000000277b850 code [0x000000000277b9e0, 0x000000000277bea8]
Event: 0.574 Thread 0x0000000016fd2000  728       3       org.springframework.util.ConcurrentReferenceHashMap::getHash (64 bytes)
Event: 0.574 Thread 0x0000000016fd2000 nmethod 728 0x000000000277c090 code [0x000000000277c200, 0x000000000277c4a8]
Event: 0.574 Thread 0x0000000016fd2000  730       3       org.springframework.util.Assert::notNull (14 bytes)
Event: 0.574 Thread 0x0000000016fd2000 nmethod 730 0x000000000277c590 code [0x000000000277c700, 0x000000000277c928]
Event: 0.574 Thread 0x0000000016fd2000  729       3       org.springframework.util.ConcurrentReferenceHashMap::getSegmentForHash (23 bytes)
Event: 0.574 Thread 0x0000000016fd2000 nmethod 729 0x000000000277ca10 code [0x000000000277cb60, 0x000000000277ccf0]
Event: 0.575 Thread 0x0000000016fd2000  732   !   3       org.springframework.util.ConcurrentReferenceHashMap$Segment::restructureIfNecessary (367 bytes)

GC Heap History (2 events):
Event: 0.499 GC heap before
{Heap before GC invocations=1 (full 0):
 PSYoungGen      total 38400K, used 33280K [0x00000000d5f80000, 0x00000000d8a00000, 0x0000000100000000)
  eden space 33280K, 100% used [0x00000000d5f80000,0x00000000d8000000,0x00000000d8000000)
  from space 5120K, 0% used [0x00000000d8500000,0x00000000d8500000,0x00000000d8a00000)
  to   space 5120K, 0% used [0x00000000d8000000,0x00000000d8000000,0x00000000d8500000)
 ParOldGen       total 87552K, used 0K [0x0000000081e00000, 0x0000000087380000, 0x00000000d5f80000)
  object space 87552K, 0% used [0x0000000081e00000,0x0000000081e00000,0x0000000087380000)
 Metaspace       used 6776K, capacity 6950K, committed 7040K, reserved 1056768K
  class space    used 784K, capacity 835K, committed 896K, reserved 1048576K
Event: 0.504 GC heap after
Heap after GC invocations=1 (full 0):
 PSYoungGen      total 38400K, used 4172K [0x00000000d5f80000, 0x00000000d8a00000, 0x0000000100000000)
  eden space 33280K, 0% used [0x00000000d5f80000,0x00000000d5f80000,0x00000000d8000000)
  from space 5120K, 81% used [0x00000000d8000000,0x00000000d8413070,0x00000000d8500000)
  to   space 5120K, 0% used [0x00000000d8500000,0x00000000d8500000,0x00000000d8a00000)
 ParOldGen       total 87552K, used 16K [0x0000000081e00000, 0x0000000087380000, 0x00000000d5f80000)
  object space 87552K, 0% used [0x0000000081e00000,0x0000000081e04000,0x0000000087380000)
 Metaspace       used 6776K, capacity 6950K, committed 7040K, reserved 1056768K
  class space    used 784K, capacity 835K, committed 896K, reserved 1048576K
}

Deoptimization events (3 events):
Event: 0.525 Thread 0x0000000019666800 Uncommon trap: reason=class_check action=maybe_recompile pc=0x00000000026edf0c method=sun.misc.URLClassPath.getLoader(I)Lsun/misc/URLClassPath$Loader; @ 94
Event: 0.556 Thread 0x0000000019666800 Uncommon trap: reason=unstable_if action=reinterpret pc=0x000000000264f0b8 method=java.lang.String.indexOf([CII[CIII)I @ 3
Event: 0.569 Thread 0x0000000019667000 Uncommon trap: reason=range_check action=make_not_entrant pc=0x00000000027158a0 method=sun.reflect.generics.parser.SignatureParser.current()C @ 34

Classes redefined (0 events):
No events

Internal exceptions (10 events):
Event: 0.569 Thread 0x0000000019667000 Exception <a 'java/lang/ArrayIndexOutOfBoundsException': 182> (0x00000000d779b880) thrown at [C:\ade\jenkins\workspace\8-2-build-windows-amd64-cygwin\jdk8u241\331\hotspot\src\share\vm\interpreter\interpreterRuntime.cpp, line 368]
Event: 0.569 Thread 0x0000000019667000 Exception <a 'java/lang/ArrayIndexOutOfBoundsException': 60> (0x00000000d779c9c8) thrown at [C:\ade\jenkins\workspace\8-2-build-windows-amd64-cygwin\jdk8u241\331\hotspot\src\share\vm\interpreter\interpreterRuntime.cpp, line 368]
Event: 0.571 Thread 0x0000000019667000 Exception <a 'java/lang/ArrayIndexOutOfBoundsException': 117> (0x00000000d7813660) thrown at [C:\ade\jenkins\workspace\8-2-build-windows-amd64-cygwin\jdk8u241\331\hotspot\src\share\vm\interpreter\interpreterRuntime.cpp, line 368]
Event: 0.572 Thread 0x0000000019666800 Exception <a 'java/io/FileNotFoundException'> (0x00000000d77e3808) thrown at [C:\ade\jenkins\workspace\8-2-build-windows-amd64-cygwin\jdk8u241\331\hotspot\src\share\vm\prims\jni.cpp, line 710]
Event: 0.574 Thread 0x0000000019667000 Exception <a 'java/lang/ArrayIndexOutOfBoundsException': 113> (0x00000000d78291f0) thrown at [C:\ade\jenkins\workspace\8-2-build-windows-amd64-cygwin\jdk8u241\331\hotspot\src\share\vm\interpreter\interpreterRuntime.cpp, line 368]
Event: 0.574 Thread 0x0000000019667000 Exception <a 'java/lang/ArrayIndexOutOfBoundsException': 60> (0x00000000d782a328) thrown at [C:\ade\jenkins\workspace\8-2-build-windows-amd64-cygwin\jdk8u241\331\hotspot\src\share\vm\interpreter\interpreterRuntime.cpp, line 368]
Event: 0.574 Thread 0x0000000019667000 Exception <a 'java/lang/ArrayIndexOutOfBoundsException': 113> (0x00000000d7831460) thrown at [C:\ade\jenkins\workspace\8-2-build-windows-amd64-cygwin\jdk8u241\331\hotspot\src\share\vm\interpreter\interpreterRuntime.cpp, line 368]
Event: 0.575 Thread 0x0000000019667000 Exception <a 'java/lang/ArrayIndexOutOfBoundsException': 120> (0x00000000d7838af0) thrown at [C:\ade\jenkins\workspace\8-2-build-windows-amd64-cygwin\jdk8u241\331\hotspot\src\share\vm\interpreter\interpreterRuntime.cpp, line 368]
Event: 0.576 Thread 0x0000000019667000 Exception <a 'java/lang/ArrayIndexOutOfBoundsException': 111> (0x00000000d7840a48) thrown at [C:\ade\jenkins\workspace\8-2-build-windows-amd64-cygwin\jdk8u241\331\hotspot\src\share\vm\interpreter\interpreterRuntime.cpp, line 368]
Event: 0.576 Thread 0x0000000019667000 Exception <a 'java/lang/ArrayIndexOutOfBoundsException': 115> (0x00000000d78485d0) thrown at [C:\ade\jenkins\workspace\8-2-build-windows-amd64-cygwin\jdk8u241\331\hotspot\src\share\vm\interpreter\interpreterRuntime.cpp, line 368]

Events (10 events):
Event: 0.575 Thread 0x0000000019667000 DEOPT PACKING pc=0x00000000027751b6 sp=0x000000001ab6cb40
Event: 0.575 Thread 0x0000000019667000 DEOPT UNPACKING pc=0x00000000024e7890 sp=0x000000001ab6c818 mode 0
Event: 0.576 loading class org/springframework/core/convert/support/StringToEnumConverterFactory
Event: 0.576 loading class org/springframework/core/convert/support/StringToEnumConverterFactory done
Event: 0.576 loading class org/springframework/core/convert/support/EnumToStringConverter
Event: 0.576 loading class org/springframework/core/convert/support/EnumToStringConverter done
Event: 0.577 loading class org/springframework/core/convert/support/AbstractConditionalEnumConverter
Event: 0.577 loading class org/springframework/core/convert/support/AbstractConditionalEnumConverter done
Event: 0.577 loading class sun/reflect/generics/tree/BottomSignature
Event: 0.577 loading class java/util/SortedMap done


Dynamic libraries:
0x00007ff7b19d0000 - 0x00007ff7b1a07000 	C:\Program Files\Java\jre1.8.0_241\bin\javaw.exe
0x00007ff8ad1c0000 - 0x00007ff8ad3b0000 	C:\Windows\SYSTEM32\ntdll.dll
0x00007ff8ac750000 - 0x00007ff8ac802000 	C:\Windows\System32\KERNEL32.DLL
0x00007ff8aa530000 - 0x00007ff8aa7d4000 	C:\Windows\System32\KERNELBASE.dll
0x00007ff8ac1c0000 - 0x00007ff8ac263000 	C:\Windows\System32\ADVAPI32.dll
0x00007ff8ab340000 - 0x00007ff8ab3de000 	C:\Windows\System32\msvcrt.dll
0x00007ff8acd70000 - 0x00007ff8ace07000 	C:\Windows\System32\sechost.dll
0x00007ff8ad060000 - 0x00007ff8ad180000 	C:\Windows\System32\RPCRT4.dll
0x00007ff8acec0000 - 0x00007ff8ad054000 	C:\Windows\System32\USER32.dll
0x00007ff8aa350000 - 0x00007ff8aa371000 	C:\Windows\System32\win32u.dll
0x00007ff8acbe0000 - 0x00007ff8acc06000 	C:\Windows\System32\GDI32.dll
0x00007ff8aa150000 - 0x00007ff8aa2e5000 	C:\Windows\System32\gdi32full.dll
0x00007ff8aa930000 - 0x00007ff8aa9ce000 	C:\Windows\System32\msvcp_win.dll
0x00007ff8aa430000 - 0x00007ff8aa52a000 	C:\Windows\System32\ucrtbase.dll
0x00007ff890500000 - 0x00007ff890784000 	C:\Windows\WinSxS\amd64_microsoft.windows.common-controls_6595b64144ccf1df_6.0.18362.900_none_e6beb9d913147d17\COMCTL32.dll
0x00007ff8abb20000 - 0x00007ff8abe55000 	C:\Windows\System32\combase.dll
0x00007ff8aaa50000 - 0x00007ff8aaad0000 	C:\Windows\System32\bcryptPrimitives.dll
0x00007ff8ab3e0000 - 0x00007ff8ab40e000 	C:\Windows\System32\IMM32.DLL
0x000000005c9d0000 - 0x000000005caa2000 	C:\Program Files\Java\jre1.8.0_241\bin\msvcr100.dll
0x000000005be80000 - 0x000000005c72c000 	C:\Program Files\Java\jre1.8.0_241\bin\server\jvm.dll
0x00007ff8ac8e0000 - 0x00007ff8ac8e8000 	C:\Windows\System32\PSAPI.DLL
0x00007ff8a2140000 - 0x00007ff8a214a000 	C:\Windows\SYSTEM32\VERSION.dll
0x00007ff89dbf0000 - 0x00007ff89dc14000 	C:\Windows\SYSTEM32\WINMM.dll
0x00007ff89c1a0000 - 0x00007ff89c1a9000 	C:\Windows\SYSTEM32\WSOCK32.dll
0x00007ff8ac020000 - 0x00007ff8ac08f000 	C:\Windows\System32\WS2_32.dll
0x00007ff89dbc0000 - 0x00007ff89dbed000 	C:\Windows\SYSTEM32\WINMMBASE.dll
0x00007ff8aaa00000 - 0x00007ff8aaa4a000 	C:\Windows\System32\cfgmgr32.dll
0x00007ff89c120000 - 0x00007ff89c12f000 	C:\Program Files\Java\jre1.8.0_241\bin\verify.dll
0x00007ff887f10000 - 0x00007ff887f39000 	C:\Program Files\Java\jre1.8.0_241\bin\java.dll
0x00007ff892d30000 - 0x00007ff892d46000 	C:\Program Files\Java\jre1.8.0_241\bin\zip.dll
0x00007ff8ab410000 - 0x00007ff8abaf6000 	C:\Windows\System32\SHELL32.dll
0x00007ff8ace10000 - 0x00007ff8aceb9000 	C:\Windows\System32\shcore.dll
0x00007ff8aaaf0000 - 0x00007ff8ab270000 	C:\Windows\System32\windows.storage.dll
0x00007ff8aa090000 - 0x00007ff8aa0b3000 	C:\Windows\System32\profapi.dll
0x00007ff8aa0c0000 - 0x00007ff8aa10a000 	C:\Windows\System32\powrprof.dll
0x00007ff8aa080000 - 0x00007ff8aa090000 	C:\Windows\System32\UMPDC.dll
0x00007ff8ac270000 - 0x00007ff8ac2c2000 	C:\Windows\System32\shlwapi.dll
0x00007ff8aa130000 - 0x00007ff8aa141000 	C:\Windows\System32\kernel.appcore.dll
0x00007ff8aaad0000 - 0x00007ff8aaae7000 	C:\Windows\System32\cryptsp.dll

VM Arguments:
jvm_args: -Dfile.encoding=UTF-8 
java_command: com.linenha.agendamento.AgendamentodefotosApplication
java_class_path (initial): C:\Users\Thaysa Magalhães\Desktop\Thaysa\Faculdade\React\agendamento\target\classes;C:\Users\Thaysa Magalhães\Desktop\eclipse\plugins\org.junit_4.13.0.v20200204-1500.jar;C:\Users\Thaysa Magalhães\Desktop\eclipse\plugins\org.hamcrest.core_1.3.0.v20180420-1519.jar;C:\Users\Thaysa Magalhães\Desktop\lombok.jar;C:\Users\Thaysa Magalhães\.m2\repository\org\springframework\boot\spring-boot-starter\2.1.8.RELEASE\spring-boot-starter-2.1.8.RELEASE.jar;C:\Users\Thaysa Magalhães\.m2\repository\org\springframework\boot\spring-boot\2.1.8.RELEASE\spring-boot-2.1.8.RELEASE.jar;C:\Users\Thaysa Magalhães\.m2\repository\org\springframework\spring-context\5.1.9.RELEASE\spring-context-5.1.9.RELEASE.jar;C:\Users\Thaysa Magalhães\.m2\repository\org\springframework\boot\spring-boot-autoconfigure\2.1.8.RELEASE\spring-boot-autoconfigure-2.1.8.RELEASE.jar;C:\Users\Thaysa Magalhães\.m2\repository\org\springframework\boot\spring-boot-starter-logging\2.1.8.RELEASE\spring-boot-starter-logging-2.1.8.RELEASE.jar;C:\Users\Thaysa Magalhães\.m2\repository\ch\qos\logback\logback-classic\1.2.3\logback-classic-1.2.3.jar;C:\Users\Thaysa Magalhães\.m2\repository\ch\qos\logback\logback-core\1.2.3\logback-core-1.2.3.jar;C:\Users\Thaysa Magalhães\.m2\repository\org\apache\logging\log4j\log4j-to-slf4j\2.11.2\log4j-to-slf4j-2.11.2.jar;C:\Users\Thaysa Magalhães\.m2\repository\org\apache\logging\log4j\log4j-api\2.11.2\log4j-api-2.11.2.jar;C:\Users\Thaysa Magalhães\.m2\repository\org\slf4j\jul-to-slf4j\1.7.28\jul-to-slf4j-1.7.28.jar;C:\Users\Thaysa Magalhães\.m2\repository\javax\annotation\javax.annotation-api\1.3.2\javax.annotation-api-1.3.2.jar;C:\Users\Thaysa Magalhães\.m2\repository\org\springframework\spring-core\5.1.9.RELEASE\spring-core-5.1.9.RELEASE.jar;C:\Users\Thaysa Magalhães\.m2\repository\org\springframework\spring-jcl\5.1.9.RELEASE\spring-jcl-5.1.9.RELEASE.jar;C:\Users\Thaysa Magalhães\.m2\repository\org\yaml\snakeyaml\1.23\snakeyaml-1.23.jar;C:\Users\Thaysa Magalhães\.m2
Launcher Type: SUN_STANDARD

Environment Variables:
PATH=C:/Program Files/Java/jre1.8.0_241/bin/server;C:/Program Files/Java/jre1.8.0_241/bin;C:/Program Files/Java/jre1.8.0_241/lib/amd64;C:\Program Files (x86)\Common Files\Oracle\Java\javapath;C:\Windows\system32;C:\Windows;C:\Windows\System32\Wbem;C:\Windows\System32\WindowsPowerShell\v1.0\;C:\Windows\System32\OpenSSH\;C:\Program Files\NVIDIA Corporation\NVIDIA NvDLISR;C:\Program Files\nodejs\;C:\Program Files\Git\cmd;C:\Program Files (x86)\NVIDIA Corporation\PhysX\Common;C:\Users\Thaysa Magalhães\AppData\Local\Programs\Python\Python38-32\Scripts\;C:\Users\Thaysa Magalhães\AppData\Local\Programs\Python\Python38-32\;C:\Users\Thaysa Magalhães\AppData\Local\Programs\Python\Launcher\;C:\Users\Thaysa Magalhães\AppData\Local\Microsoft\WindowsApps;C:\Users\Thaysa Magalhães\AppData\Local\Programs\Microsoft VS Code\bin;C:\Users\Thaysa Magalhães\AppData\Roaming\npm;C:\MinGW\bin;;C:\Users\Thaysa Magalhães\Desktop\eclipse;
USERNAME=Thaysa Magalhães
OS=Windows_NT
PROCESSOR_IDENTIFIER=Intel64 Family 6 Model 142 Stepping 9, GenuineIntel



---------------  S Y S T E M  ---------------

OS: Windows 10.0 , 64 bit Build 18362 (10.0.18362.900)

CPU:total 4 (initial active 4) (2 cores per cpu, 2 threads per core) family 6 model 142 stepping 9, cmov, cx8, fxsr, mmx, sse, sse2, sse3, ssse3, sse4.1, sse4.2, popcnt, avx, avx2, aes, clmul, erms, 3dnowpref, lzcnt, ht, tsc, tscinvbit, bmi1, bmi2, adx

Memory: 4k page, physical 8261220k(1211700k free), swap 10210916k(5324k free)

vm_info: Java HotSpot(TM) 64-Bit Server VM (25.241-b07) for windows-amd64 JRE (1.8.0_241-b07), built on Dec 11 2019 10:21:40 by "rejava" with MS VC++ 10.0 (VS2010)

time: Mon Jun 15 19:02:32 2020
timezone: Hora oficial do Brasil
elapsed time: 0 seconds (0d 0h 0m 0s)

